\BOOKMARK [0][-]{chapter.1}{\376\377\000I\000n\000t\000r\000o\000d\000u\000c\000t\000i\000o\000n}{}% 1
\BOOKMARK [0][-]{chapter.2}{\376\377\000A\000i\000m}{}% 2
\BOOKMARK [0][-]{chapter.3}{\376\377\000H\000y\000p\000o\000t\000h\000e\000s\000i\000s}{}% 3
\BOOKMARK [0][-]{chapter.4}{\376\377\000B\000a\000c\000k\000g\000r\000o\000u\000n\000d\000\040\000R\000e\000s\000e\000a\000r\000c\000h}{}% 4
\BOOKMARK [1][-]{section.4.1}{\376\377\000T\000h\000e\000\040\000L\000a\000g\000r\000a\000n\000g\000i\000a\000n\000\040\000f\000u\000n\000c\000t\000i\000o\000n}{chapter.4}% 5
\BOOKMARK [1][-]{section.4.2}{\376\377\000G\000e\000n\000e\000r\000a\000l\000i\000z\000e\000d\000\040\000c\000o\000o\000r\000d\000i\000n\000a\000t\000e\000s}{chapter.4}% 6
\BOOKMARK [1][-]{section.4.3}{\376\377\000G\000e\000n\000e\000r\000a\000l\000i\000z\000e\000d\000\040\000f\000o\000r\000c\000e\000s}{chapter.4}% 7
\BOOKMARK [1][-]{section.4.4}{\376\377\000A\000i\000r\000\040\000D\000r\000a\000g\000/\000F\000l\000u\000i\000d\000\040\000R\000e\000s\000i\000s\000t\000a\000n\000c\000e}{chapter.4}% 8
\BOOKMARK [1][-]{section.4.5}{\376\377\000R\000a\000y\000l\000e\000i\000g\000h\000\040\000d\000i\000s\000s\000i\000p\000a\000t\000i\000o\000n\000\040\000f\000u\000n\000c\000t\000i\000o\000n}{chapter.4}% 9
\BOOKMARK [1][-]{section.4.6}{\376\377\000S\000t\000o\000k\000e\000s\000\040\000L\000a\000w}{chapter.4}% 10
\BOOKMARK [1][-]{section.4.7}{\376\377\000L\000o\000g\000a\000r\000i\000t\000h\000m\000i\000c\000\040\000D\000e\000c\000r\000e\000m\000e\000n\000t}{chapter.4}% 11
\BOOKMARK [1][-]{section.4.8}{\376\377\000C\000o\000m\000p\000u\000t\000e\000r\000\040\000S\000i\000m\000u\000l\000a\000t\000i\000o\000n\000\040\000S\000o\000f\000t\000w\000a\000r\000e}{chapter.4}% 12
\BOOKMARK [0][-]{chapter.5}{\376\377\000M\000a\000t\000e\000r\000i\000a\000l\000s\000\040\000R\000e\000q\000u\000i\000r\000e\000d}{}% 13
\BOOKMARK [0][-]{chapter.6}{\376\377\000V\000a\000r\000i\000a\000b\000l\000e\000s}{}% 14
\BOOKMARK [0][-]{chapter.7}{\376\377\000P\000r\000o\000c\000e\000d\000u\000r\000e}{}% 15
\BOOKMARK [0][-]{chapter.8}{\376\377\000I\000n\000i\000t\000i\000a\000l\000\040\000C\000o\000n\000d\000i\000t\000i\000o\000n\000s}{}% 16
\BOOKMARK [0][-]{chapter.9}{\376\377\000E\000q\000u\000a\000t\000i\000o\000n\000s}{}% 17
\BOOKMARK [1][-]{section.9.1}{\376\377\000E\000q\000u\000a\000t\000i\000o\000n\000s\000\040\000o\000f\000\040\000M\000o\000t\000i\000o\000n}{chapter.9}% 18
\BOOKMARK [1][-]{section.9.2}{\376\377\000D\000r\000a\000g\000\040\000E\000q\000u\000a\000t\000i\000o\000n}{chapter.9}% 19
\BOOKMARK [1][-]{section.9.3}{\376\377\000S\000t\000o\000k\000e\000s\000\040\000L\000a\000w\000\040\000E\000q\000u\000a\000t\000i\000o\000n}{chapter.9}% 20
\BOOKMARK [1][-]{section.9.4}{\376\377\000F\000r\000e\000q\000u\000e\000n\000c\000y\000\040\000E\000q\000u\000a\000t\000i\000o\000n\000s}{chapter.9}% 21
\BOOKMARK [2][-]{subsection.9.4.1}{\376\377\000R\000a\000d\000i\000a\000l\000\040\000f\000r\000e\000q\000u\000e\000n\000c\000y}{section.9.4}% 22
\BOOKMARK [2][-]{subsection.9.4.2}{\376\377\000A\000n\000g\000u\000l\000a\000r\000\040\000f\000r\000e\000q\000u\000e\000n\000c\000y}{section.9.4}% 23
\BOOKMARK [2][-]{subsection.9.4.3}{\376\377\000A\000b\000s\000o\000l\000u\000t\000e\000\040\000f\000r\000e\000q\000u\000e\000n\000c\000y}{section.9.4}% 24
\BOOKMARK [1][-]{section.9.5}{\376\377\000F\000u\000n\000d\000a\000m\000e\000n\000t\000a\000l\000\040\000D\000e\000r\000i\000v\000e\000d\000\040\000E\000q\000u\000a\000t\000i\000o\000n\000s}{chapter.9}% 25
\BOOKMARK [0][-]{chapter.10}{\376\377\000E\000x\000p\000e\000r\000i\000m\000e\000n\000t\000a\000l\000\040\000D\000a\000t\000a}{}% 26
\BOOKMARK [1][-]{section.10.1}{\376\377\000R\000a\000d\000i\000a\000l\000\040\000D\000i\000s\000p\000l\000a\000c\000e\000m\000e\000n\000t\000\040\000v\000e\000r\000s\000u\000s\000\040\000T\000i\000m\000e}{chapter.10}% 27
\BOOKMARK [1][-]{section.10.2}{\376\377\000A\000n\000g\000u\000l\000a\000r\000\040\000D\000i\000s\000p\000l\000a\000c\000e\000m\000e\000n\000t\000\040\000v\000e\000r\000s\000u\000s\000\040\000T\000i\000m\000e}{chapter.10}% 28
\BOOKMARK [1][-]{section.10.3}{\376\377\000A\000n\000g\000u\000l\000a\000r\000\040\000F\000r\000e\000q\000u\000e\000n\000c\000y\000\040\000v\000e\000r\000s\000u\000s\000\040\000T\000i\000m\000e}{chapter.10}% 29
\BOOKMARK [1][-]{section.10.4}{\376\377\000A\000b\000s\000o\000l\000u\000t\000e\000\040\000F\000r\000e\000q\000u\000e\000n\000c\000y\000\040\000v\000e\000r\000s\000u\000s\000\040\000T\000i\000m\000e}{chapter.10}% 30
\BOOKMARK [0][-]{chapter.11}{\376\377\000S\000i\000m\000u\000l\000a\000t\000i\000o\000n\000\040\000D\000a\000t\000a}{}% 31
\BOOKMARK [1][-]{section.11.1}{\376\377\000R\000a\000d\000i\000a\000l\000\040\000D\000i\000s\000p\000l\000a\000c\000e\000m\000e\000n\000t\000\040\000v\000e\000r\000s\000u\000s\000\040\000T\000i\000m\000e}{chapter.11}% 32
\BOOKMARK [1][-]{section.11.2}{\376\377\000A\000n\000g\000u\000l\000a\000r\000\040\000D\000i\000s\000p\000l\000a\000c\000e\000m\000e\000n\000t\000\040\000v\000e\000r\000s\000u\000s\000\040\000T\000i\000m\000e}{chapter.11}% 33
\BOOKMARK [1][-]{section.11.3}{\376\377\000A\000n\000g\000u\000l\000a\000r\000\040\000F\000r\000e\000q\000u\000e\000n\000c\000y\000\040\000v\000e\000r\000s\000u\000s\000\040\000T\000i\000m\000e}{chapter.11}% 34
\BOOKMARK [1][-]{section.11.4}{\376\377\000A\000b\000s\000o\000l\000u\000t\000e\000\040\000F\000r\000e\000q\000u\000e\000n\000c\000y\000\040\000v\000e\000r\000s\000u\000s\000\040\000T\000i\000m\000e}{chapter.11}% 35
\BOOKMARK [0][-]{chapter.12}{\376\377\000D\000e\000r\000i\000v\000e\000d\000\040\000D\000a\000t\000a}{}% 36
\BOOKMARK [0][-]{chapter.13}{\376\377\000O\000b\000s\000e\000r\000v\000a\000t\000i\000o\000n\000s}{}% 37
\BOOKMARK [1][-]{section.13.1}{\376\377\000O\000b\000s\000e\000r\000v\000a\000t\000i\000o\000n\000\040\000f\000r\000o\000m\000\040\000C\000a\000s\000e\000\040\0001\000\040\000w\000h\000e\000r\000e\000\040\000m\000\040\000=\000\040\0001\000\040\000k\000g}{chapter.13}% 38
\BOOKMARK [1][-]{section.13.2}{\376\377\000O\000b\000s\000e\000r\000v\000a\000t\000i\000o\000n\000\040\000f\000r\000o\000m\000\040\000C\000a\000s\000e\000\040\0002\000\040\000w\000h\000e\000r\000e\000\040\000m\000\040\000=\000\040\0002\000\040\000k\000g}{chapter.13}% 39
\BOOKMARK [1][-]{section.13.3}{\376\377\000O\000b\000s\000e\000r\000v\000a\000t\000i\000o\000n\000\040\000f\000r\000o\000m\000\040\000C\000a\000s\000e\000\040\0003\000\040\000w\000h\000e\000r\000e\000\040\000m\000\040\000=\000\040\0003\000\040\000k\000g}{chapter.13}% 40
\BOOKMARK [1][-]{section.13.4}{\376\377\000O\000b\000s\000e\000r\000v\000a\000t\000i\000o\000n\000\040\000f\000r\000o\000m\000\040\000C\000a\000s\000e\000\040\0004\000\040\000w\000h\000e\000r\000e\000\040\000m\000\040\000=\000\040\0004\000\040\000k\000g}{chapter.13}% 41
\BOOKMARK [1][-]{section.13.5}{\376\377\000O\000b\000s\000e\000r\000v\000a\000t\000i\000o\000n\000\040\000f\000r\000o\000m\000\040\000C\000a\000s\000e\000\040\0005\000\040\000w\000h\000e\000r\000e\000\040\000m\000\040\000=\000\040\0005\000\040\000k\000g}{chapter.13}% 42
\BOOKMARK [1][-]{section.13.6}{\376\377\000O\000b\000s\000e\000r\000v\000a\000t\000i\000o\000n\000\040\000f\000r\000o\000m\000\040\000C\000a\000s\000e\000\040\0006\000\040\000w\000h\000e\000r\000e\000\040\000m\000\040\000=\000\040\0006\000\040\000k\000g}{chapter.13}% 43
\BOOKMARK [1][-]{section.13.7}{\376\377\000O\000b\000s\000e\000r\000v\000a\000t\000i\000o\000n\000\040\000f\000r\000o\000m\000\040\000C\000a\000s\000e\000\040\0007\000\040\000w\000h\000e\000r\000e\000\040\000m\000\040\000=\000\040\0007\000\040\000k\000g}{chapter.13}% 44
\BOOKMARK [1][-]{section.13.8}{\376\377\000O\000b\000s\000e\000r\000v\000a\000t\000i\000o\000n\000\040\000f\000r\000o\000m\000\040\000C\000a\000s\000e\000\040\0008\000\040\000w\000h\000e\000r\000e\000\040\000m\000\040\000=\000\040\0008\000\040\000k\000g}{chapter.13}% 45
\BOOKMARK [1][-]{section.13.9}{\376\377\000O\000b\000s\000e\000r\000v\000a\000t\000i\000o\000n\000\040\000f\000r\000o\000m\000\040\000C\000a\000s\000e\000\040\0009\000\040\000w\000h\000e\000r\000e\000\040\000m\000\040\000=\000\040\0009\000\040\000k\000g}{chapter.13}% 46
\BOOKMARK [1][-]{section.13.10}{\376\377\000O\000b\000s\000e\000r\000v\000a\000t\000i\000o\000n\000\040\000f\000r\000o\000m\000\040\000C\000a\000s\000e\000\040\0001\0000\000\040\000w\000h\000e\000r\000e\000\040\000m\000\040\000=\000\040\0001\0000\000\040\000k\000g}{chapter.13}% 47
\BOOKMARK [0][-]{chapter.14}{\376\377\000O\000b\000s\000e\000r\000v\000a\000t\000i\000o\000n\000s\000\040\000f\000r\000o\000m\000\040\000D\000e\000r\000i\000v\000e\000d\000\040\000D\000a\000t\000a}{}% 48
\BOOKMARK [0][-]{chapter.15}{\376\377\000A\000n\000a\000l\000y\000s\000i\000s}{}% 49
\BOOKMARK [1][-]{section.15.1}{\376\377\000G\000r\000a\000p\000h\000i\000c\000a\000l\000\040\000A\000n\000a\000l\000y\000s\000i\000s}{chapter.15}% 50
\BOOKMARK [2][-]{subsection.15.1.1}{\376\377\000G\000r\000a\000p\000h\000s\000\040\000i\000n\000\040\000r\000e\000l\000a\000t\000i\000o\000n\000\040\000t\000o\000\040\000t\000h\000e\000\040\000E\000x\000p\000e\000r\000i\000m\000e\000n\000t\000a\000l\000\040\000v\000a\000l\000u\000e\000s\000\040\000v\000e\000r\000s\000u\000s\000\040\000t\000i\000m\000e}{section.15.1}% 51
\BOOKMARK [2][-]{subsection.15.1.2}{\376\377\000G\000r\000a\000p\000h\000s\000\040\000i\000n\000\040\000r\000e\000l\000a\000t\000i\000o\000n\000\040\000t\000o\000\040\000t\000h\000e\000\040\000S\000i\000m\000u\000l\000a\000t\000i\000o\000n\000\040\000v\000a\000l\000u\000e\000s\000\040\000v\000e\000r\000s\000u\000s\000\040\000t\000i\000m\000e}{section.15.1}% 52
\BOOKMARK [1][-]{section.15.2}{\376\377\000N\000u\000m\000e\000r\000i\000c\000a\000l\000\040\000A\000n\000a\000l\000y\000s\000i\000s}{chapter.15}% 53
\BOOKMARK [2][-]{subsection.15.2.1}{\376\377\000R\000a\000d\000i\000a\000l\000\040\000D\000i\000s\000p\000l\000a\000c\000e\000m\000e\000n\000t\000\040\000v\000e\000r\000s\000u\000s\000\040\000T\000i\000m\000e}{section.15.2}% 54
\BOOKMARK [2][-]{subsection.15.2.2}{\376\377\000A\000n\000g\000u\000l\000a\000r\000\040\000D\000i\000s\000p\000l\000a\000c\000e\000m\000e\000n\000t\000\040\000v\000e\000r\000s\000u\000s\000\040\000T\000i\000m\000e}{section.15.2}% 55
\BOOKMARK [2][-]{subsection.15.2.3}{\376\377\000A\000n\000g\000u\000l\000a\000r\000\040\000F\000r\000e\000q\000u\000e\000n\000c\000y\000\040\000v\000e\000r\000s\000u\000s\000\040\000T\000i\000m\000e}{section.15.2}% 56
\BOOKMARK [2][-]{subsection.15.2.4}{\376\377\000A\000b\000s\000o\000l\000u\000t\000e\000\040\000F\000r\000e\000q\000u\000e\000n\000c\000y\000\040\000v\000e\000r\000s\000u\000s\000\040\000T\000i\000m\000e}{section.15.2}% 57
\BOOKMARK [0][-]{chapter.16}{\376\377\000E\000v\000a\000l\000u\000a\000t\000i\000o\000n}{}% 58
\BOOKMARK [0][-]{chapter.17}{\376\377\000L\000i\000m\000i\000t\000a\000t\000i\000o\000n\000s\000\040\000o\000f\000\040\000S\000t\000u\000d\000y}{}% 59
\BOOKMARK [0][-]{chapter.18}{\376\377\000S\000a\000f\000e\000t\000y\000\040\000M\000e\000a\000s\000u\000r\000e\000s}{}% 60
\BOOKMARK [0][-]{chapter.19}{\376\377\000S\000o\000u\000r\000c\000e\000s\000\040\000o\000f\000\040\000E\000r\000r\000o\000r}{}% 61
\BOOKMARK [0][-]{chapter.20}{\376\377\000C\000o\000n\000c\000l\000u\000s\000i\000o\000n}{}% 62
\BOOKMARK [0][-]{chapter.20}{\376\377\000W\000o\000r\000k\000s\000\040\000C\000i\000t\000e\000d}{}% 63
\BOOKMARK [0][-]{chapter*.2}{\376\377\000B\000i\000b\000l\000i\000o\000g\000r\000a\000p\000h\000y}{}% 64
\BOOKMARK [0][-]{appendix.A}{\376\377\000P\000y\000t\000h\000o\000n\000\040\000S\000o\000u\000r\000c\000e\000\040\000C\000o\000d\000e\000s}{}% 65
\BOOKMARK [1][-]{section.A.1}{\376\377\000G\000r\000a\000p\000h\000i\000c\000a\000l\000\040\000S\000o\000l\000u\000t\000i\000o\000n\000\040\000C\000o\000d\000e\000s}{appendix.A}% 66
\BOOKMARK [1][-]{section.A.2}{\376\377\000P\000a\000t\000h\000\040\000A\000n\000i\000m\000a\000t\000i\000o\000n\000\040\000C\000o\000d\000e\000s}{appendix.A}% 67
\BOOKMARK [0][-]{appendix.B}{\376\377\000R\000a\000w\000\040\000E\000x\000p\000e\000r\000i\000m\000e\000n\000t\000a\000l\000\040\000D\000a\000t\000a}{}% 68
\BOOKMARK [1][-]{section.B.1}{\376\377\000R\000a\000d\000i\000a\000l\000\040\000D\000i\000s\000p\000l\000a\000c\000e\000m\000e\000n\000t\000\040\000v\000e\000r\000s\000u\000s\000\040\000T\000i\000m\000e}{appendix.B}% 69
\BOOKMARK [1][-]{section.B.2}{\376\377\000A\000n\000g\000u\000l\000a\000r\000\040\000D\000i\000s\000p\000l\000a\000c\000e\000m\000e\000n\000t\000\040\000v\000e\000r\000s\000u\000s\000\040\000T\000i\000m\000e}{appendix.B}% 70
\BOOKMARK [1][-]{section.B.3}{\376\377\000A\000n\000g\000u\000l\000a\000r\000\040\000F\000r\000e\000q\000u\000e\000n\000c\000y\000\040\000v\000e\000r\000s\000u\000s\000\040\000T\000i\000m\000e}{appendix.B}% 71
\BOOKMARK [1][-]{section.B.4}{\376\377\000A\000b\000s\000o\000l\000u\000t\000e\000\040\000F\000r\000e\000q\000u\000e\000n\000c\000y\000\040\000v\000e\000r\000s\000u\000s\000\040\000T\000i\000m\000e}{appendix.B}% 72
\BOOKMARK [0][-]{appendix.C}{\376\377\000R\000a\000w\000\040\000S\000i\000m\000u\000l\000a\000t\000i\000o\000n\000\040\000D\000a\000t\000a}{}% 73
\BOOKMARK [1][-]{section.C.1}{\376\377\000R\000a\000d\000i\000a\000l\000\040\000D\000i\000s\000p\000l\000a\000c\000e\000m\000e\000n\000t\000\040\000v\000e\000r\000s\000u\000s\000\040\000T\000i\000m\000e}{appendix.C}% 74
\BOOKMARK [1][-]{section.C.2}{\376\377\000A\000n\000g\000u\000l\000a\000r\000\040\000D\000i\000s\000p\000l\000a\000c\000e\000m\000e\000n\000t\000\040\000v\000e\000r\000s\000u\000s\000\040\000T\000i\000m\000e}{appendix.C}% 75
\BOOKMARK [1][-]{section.C.3}{\376\377\000A\000n\000g\000u\000l\000a\000r\000\040\000F\000r\000e\000q\000u\000e\000n\000c\000y\000\040\000v\000e\000r\000s\000u\000s\000\040\000T\000i\000m\000e}{appendix.C}% 76
\BOOKMARK [1][-]{section.C.4}{\376\377\000A\000b\000s\000o\000l\000u\000t\000e\000\040\000F\000r\000e\000q\000u\000e\000n\000c\000y\000\040\000v\000e\000r\000s\000u\000s\000\040\000T\000i\000m\000e}{appendix.C}% 77
\BOOKMARK [0][-]{appendix.D}{\376\377\000D\000e\000r\000i\000v\000e\000d\000\040\000D\000a\000t\000a}{}% 78
