This is pdfTeX, Version 3.141592653-2.6-1.40.23 (MiKTeX 21.8) (preloaded format=pdflatex 2021.8.23)  4 MAR 2022 10:13
entering extended mode
**./main.tex
(main.tex
LaTeX2e <2021-06-01> patch level 1
L3 programming layer <2021-07-12> (C:\MikTek\tex/latex/base\report.cls
Document Class: report 2021/02/12 v1.4n Standard LaTeX document class
(C:\MikTek\tex/latex/base\size12.clo
File: size12.clo 2021/02/12 v1.4n Standard LaTeX file (size option)
)
\c@part=\count182
\c@chapter=\count183
\c@section=\count184
\c@subsection=\count185
\c@subsubsection=\count186
\c@paragraph=\count187
\c@subparagraph=\count188
\c@figure=\count189
\c@table=\count190
\abovecaptionskip=\skip47
\belowcaptionskip=\skip48
\bibindent=\dimen138
) (C:\MikTek\tex/latex/base\inputenc.sty
Package: inputenc 2021/02/14 v1.3d Input encoding file
\inpenc@prehook=\toks16
\inpenc@posthook=\toks17
)
(C:\MikTek\tex/latex/parskip\parskip.sty
Package: parskip 2021-03-14 v2.0h non-zero parskip adjustments

(C:\MikTek\tex/latex/kvoptions\kvoptions.sty
Package: kvoptions 2020-10-07 v3.14 Key value format for package options (HO)

(C:\MikTek\tex/latex/graphics\keyval.sty
Package: keyval 2014/10/28 v1.15 key=value parser (DPC)
\KV@toks@=\toks18
)
(C:\MikTek\tex/generic/ltxcmds\ltxcmds.sty
Package: ltxcmds 2020-05-10 v1.25 LaTeX kernel commands for general use (HO)
)
(C:\MikTek\tex/generic/kvsetkeys\kvsetkeys.sty
Package: kvsetkeys 2019/12/15 v1.18 Key value parser (HO)
))
(C:\MikTek\tex/latex/etoolbox\etoolbox.sty
Package: etoolbox 2020/10/05 v2.5k e-TeX tools for LaTeX (JAW)
\etb@tempcnta=\count191
))
(C:\MikTek\tex/latex/amsmath\amsmath.sty
Package: amsmath 2021/04/20 v2.17j AMS math features
\@mathmargin=\skip49

For additional information on amsmath, use the `?' option.
(C:\MikTek\tex/latex/amsmath\amstext.sty
Package: amstext 2000/06/29 v2.01 AMS text

(C:\MikTek\tex/latex/amsmath\amsgen.sty
File: amsgen.sty 1999/11/30 v2.0 generic functions
\@emptytoks=\toks19
\ex@=\dimen139
))
(C:\MikTek\tex/latex/amsmath\amsbsy.sty
Package: amsbsy 1999/11/29 v1.2d Bold Symbols
\pmbraise@=\dimen140
)
(C:\MikTek\tex/latex/amsmath\amsopn.sty
Package: amsopn 2016/03/08 v2.02 operator names
)
\inf@bad=\count192
LaTeX Info: Redefining \frac on input line 234.
\uproot@=\count193
\leftroot@=\count194
LaTeX Info: Redefining \overline on input line 399.
\classnum@=\count195
\DOTSCASE@=\count196
LaTeX Info: Redefining \ldots on input line 496.
LaTeX Info: Redefining \dots on input line 499.
LaTeX Info: Redefining \cdots on input line 620.
\Mathstrutbox@=\box50
\strutbox@=\box51
\big@size=\dimen141
LaTeX Font Info:    Redeclaring font encoding OML on input line 743.
LaTeX Font Info:    Redeclaring font encoding OMS on input line 744.
\macc@depth=\count197
\c@MaxMatrixCols=\count198
\dotsspace@=\muskip16
\c@parentequation=\count199
\dspbrk@lvl=\count266
\tag@help=\toks20
\row@=\count267
\column@=\count268
\maxfields@=\count269
\andhelp@=\toks21
\eqnshift@=\dimen142
\alignsep@=\dimen143
\tagshift@=\dimen144
\tagwidth@=\dimen145
\totwidth@=\dimen146
\lineht@=\dimen147
\@envbody=\toks22
\multlinegap=\skip50
\multlinetaggap=\skip51
\mathdisplay@stack=\toks23
LaTeX Info: Redefining \[ on input line 2923.
LaTeX Info: Redefining \] on input line 2924.
)
(C:\MikTek\tex/latex/amsfonts\amssymb.sty
Package: amssymb 2013/01/14 v3.01 AMS font symbols

(C:\MikTek\tex/latex/amsfonts\amsfonts.sty
Package: amsfonts 2013/01/14 v3.01 Basic AMSFonts support
\symAMSa=\mathgroup4
\symAMSb=\mathgroup5
LaTeX Font Info:    Redeclaring math symbol \hbar on input line 98.
LaTeX Font Info:    Overwriting math alphabet `\mathfrak' in version `bold'
(Font)                  U/euf/m/n --> U/euf/b/n on input line 106.
))
(C:\MikTek\tex/latex/float\float.sty
Package: float 2001/11/08 v1.3d Float enhancements (AL)
\c@float@type=\count270
\float@exts=\toks24
\float@box=\box52
\@float@everytoks=\toks25
\@floatcapt=\box53
)
\@float@every@table=\toks26
 (C:\MikTek\tex/latex/diagbox\diagbox.sty
Package: diagbox 2020/02/09 v2.3 Making table heads with diagonal lines

(C:\MikTek\tex/latex/pict2e\pict2e.sty
Package: pict2e 2020/09/30 v0.4b Improved picture commands (HjG,RN,JT)
 (C:\MikTek\tex/latex/pict2e\pict2e.cfg
File: pict2e.cfg 2016/02/05 v0.1u pict2e configuration for teTeX/TeXLive
)
Package pict2e Info: Driver file: pdftex.def on input line 112.

(C:\MikTek\tex/latex/graphics-def\pdftex.def
File: pdftex.def 2020/10/05 v1.2a Graphics/color driver for pdftex
)
Package pict2e Info: Driver file for pict2e: p2e-pdftex.def on input line 114.

(C:\MikTek\tex/latex/pict2e\p2e-pdftex.def
File: p2e-pdftex.def 2016/02/05 v0.1u Driver-dependant file (RN,HjG,JT)
)
(C:\MikTek\tex/latex/graphics\trig.sty
Package: trig 2016/01/03 v1.10 sin cos tan (DPC)
)
\pIIe@GRAPH=\toks27
\@arclen=\dimen148
\@arcrad=\dimen149
\pIIe@tempdima=\dimen150
\pIIe@tempdimb=\dimen151
\pIIe@tempdimc=\dimen152
\pIIe@tempdimd=\dimen153
\pIIe@tempdime=\dimen154
\pIIe@tempdimf=\dimen155
) (C:\MikTek\tex/latex/tools\calc.sty
Package: calc 2017/05/25 v4.3 Infix arithmetic (KKT,FJ)
\calc@Acount=\count271
\calc@Bcount=\count272
\calc@Adimen=\dimen156
\calc@Bdimen=\dimen157
\calc@Askip=\skip52
\calc@Bskip=\skip53
LaTeX Info: Redefining \setlength on input line 80.
LaTeX Info: Redefining \addtolength on input line 81.
\calc@Ccount=\count273
\calc@Cskip=\skip54
)
(C:\MikTek\tex/latex/tools\array.sty
Package: array 2021/04/20 v2.5e Tabular extension package (FMi)
\col@sep=\dimen158
\ar@mcellbox=\box54
\extrarowheight=\dimen159
\NC@list=\toks28
\extratabsurround=\skip55
\backup@length=\skip56
\ar@cellbox=\box55
)
\diagbox@boxa=\box56
\diagbox@boxb=\box57
\diagbox@boxm=\box58
\diagbox@wd=\dimen160
\diagbox@ht=\dimen161
\diagbox@insepl=\dimen162
\diagbox@insepr=\dimen163
\diagbox@outsepl=\dimen164
\diagbox@outsepr=\dimen165
) (C:\MikTek\tex/latex/tools\bm.sty
Package: bm 2021/04/25 v1.2e Bold Symbol Support (DPC/FMi)
\symboldoperators=\mathgroup6
\symboldletters=\mathgroup7
\symboldsymbols=\mathgroup8
Package bm Info: No bold for \OMX/cmex/m/n, using \pmb.
Package bm Info: No bold for \U/msa/m/n, using \pmb.
Package bm Info: No bold for \U/msb/m/n, using \pmb.
LaTeX Font Info:    Redeclaring math alphabet \mathbf on input line 149.
)
(C:\MikTek\tex/latex/import\import.sty
Package: import 2020/04/01  v 6.2
)
(C:\MikTek\tex/latex/hyperref\hyperref.sty
Package: hyperref 2021-06-07 v7.00m Hypertext links for LaTeX

(C:\MikTek\tex/generic/iftex\iftex.sty
Package: iftex 2020/03/06 v1.0d TeX engine tests
)
(C:\MikTek\tex/generic/pdftexcmds\pdftexcmds.sty
Package: pdftexcmds 2020-06-27 v0.33 Utility functions of pdfTeX for LuaTeX (HO
)

(C:\MikTek\tex/generic/infwarerr\infwarerr.sty
Package: infwarerr 2019/12/03 v1.5 Providing info/warning/error messages (HO)
)
Package pdftexcmds Info: \pdf@primitive is available.
Package pdftexcmds Info: \pdf@ifprimitive is available.
Package pdftexcmds Info: \pdfdraftmode found.
)
(C:\MikTek\tex/generic/kvdefinekeys\kvdefinekeys.sty
Package: kvdefinekeys 2019-12-19 v1.6 Define keys (HO)
)
(C:\MikTek\tex/generic/pdfescape\pdfescape.sty
Package: pdfescape 2019/12/09 v1.15 Implements pdfTeX's escape features (HO)
)
(C:\MikTek\tex/latex/hycolor\hycolor.sty
Package: hycolor 2020-01-27 v1.10 Color options for hyperref/bookmark (HO)
)
(C:\MikTek\tex/latex/letltxmacro\letltxmacro.sty
Package: letltxmacro 2019/12/03 v1.6 Let assignment for LaTeX macros (HO)
)
(C:\MikTek\tex/latex/auxhook\auxhook.sty
Package: auxhook 2019-12-17 v1.6 Hooks for auxiliary files (HO)
)
\@linkdim=\dimen166
\Hy@linkcounter=\count274
\Hy@pagecounter=\count275

(C:\MikTek\tex/latex/hyperref\pd1enc.def
File: pd1enc.def 2021-06-07 v7.00m Hyperref: PDFDocEncoding definition (HO)
Now handling font encoding PD1 ...
... no UTF-8 mapping file for font encoding PD1
)
(C:\MikTek\tex/latex/hyperref\hyperref-langpatches.def
File: hyperref-langpatches.def 2021-06-07 v7.00m Hyperref: patches for babel la
nguages
)
(C:\MikTek\tex/generic/intcalc\intcalc.sty
Package: intcalc 2019/12/15 v1.3 Expandable calculations with integers (HO)
)
(C:\MikTek\tex/generic/etexcmds\etexcmds.sty
Package: etexcmds 2019/12/15 v1.7 Avoid name clashes with e-TeX commands (HO)
)
\Hy@SavedSpaceFactor=\count276

(C:\MikTek\tex/latex/hyperref\puenc.def
File: puenc.def 2021-06-07 v7.00m Hyperref: PDF Unicode definition (HO)
Now handling font encoding PU ...
... no UTF-8 mapping file for font encoding PU
)
Package hyperref Info: Hyper figures OFF on input line 4192.
Package hyperref Info: Link nesting OFF on input line 4197.
Package hyperref Info: Hyper index ON on input line 4200.
Package hyperref Info: Plain pages OFF on input line 4207.
Package hyperref Info: Backreferencing OFF on input line 4212.
Package hyperref Info: Implicit mode ON; LaTeX internals redefined.
Package hyperref Info: Bookmarks ON on input line 4445.
\c@Hy@tempcnt=\count277
 (C:\MikTek\tex/latex/url\url.sty
\Urlmuskip=\muskip17
Package: url 2013/09/16  ver 3.4  Verb mode for urls, etc.
)
LaTeX Info: Redefining \url on input line 4804.
\XeTeXLinkMargin=\dimen167

(C:\MikTek\tex/generic/bitset\bitset.sty
Package: bitset 2019/12/09 v1.3 Handle bit-vector datatype (HO)

(C:\MikTek\tex/generic/bigintcalc\bigintcalc.sty
Package: bigintcalc 2019/12/15 v1.5 Expandable calculations on big integers (HO
)
))
\Fld@menulength=\count278
\Field@Width=\dimen168
\Fld@charsize=\dimen169
Package hyperref Info: Hyper figures OFF on input line 6076.
Package hyperref Info: Link nesting OFF on input line 6081.
Package hyperref Info: Hyper index ON on input line 6084.
Package hyperref Info: backreferencing OFF on input line 6091.
Package hyperref Info: Link coloring OFF on input line 6096.
Package hyperref Info: Link coloring with OCG OFF on input line 6101.
Package hyperref Info: PDF/A mode OFF on input line 6106.
LaTeX Info: Redefining \ref on input line 6146.
LaTeX Info: Redefining \pageref on input line 6150.

(C:\MikTek\tex/latex/base\atbegshi-ltx.sty
Package: atbegshi-ltx 2021/01/10 v1.0c Emulation of the original atbegshi
package with kernel methods
)
\Hy@abspage=\count279
\c@Item=\count280
\c@Hfootnote=\count281
)
Package hyperref Info: Driver (autodetected): hpdftex.

(C:\MikTek\tex/latex/hyperref\hpdftex.def
File: hpdftex.def 2021-06-07 v7.00m Hyperref driver for pdfTeX

(C:\MikTek\tex/latex/base\atveryend-ltx.sty
Package: atveryend-ltx 2020/08/19 v1.0a Emulation of the original atvery packag
e
with kernel methods
)
\Fld@listcount=\count282
\c@bookmark@seq@number=\count283

(C:\MikTek\tex/latex/rerunfilecheck\rerunfilecheck.sty
Package: rerunfilecheck 2019/12/05 v1.9 Rerun checks for auxiliary files (HO)

(C:\MikTek\tex/generic/uniquecounter\uniquecounter.sty
Package: uniquecounter 2019/12/15 v1.4 Provide unlimited unique counter (HO)
)
Package uniquecounter Info: New unique counter `rerunfilecheck' on input line 2
86.
)
\Hy@SectionHShift=\skip57
)
(C:\MikTek\tex/latex/titlesec\titlesec.sty
Package: titlesec 2021/07/05 v2.14 Sectioning titles
\ttl@box=\box59
\beforetitleunit=\skip58
\aftertitleunit=\skip59
\ttl@plus=\dimen170
\ttl@minus=\dimen171
\ttl@toksa=\toks29
\titlewidth=\dimen172
\titlewidthlast=\dimen173
\titlewidthfirst=\dimen174
)
(C:\MikTek\tex/latex/lipsum\lipsum.sty
(C:\MikTek\tex/latex/l3packages/l3keys2e\l3keys2e.sty
(C:\MikTek\tex/latex/l3kernel\expl3.sty
Package: expl3 2021-07-12 L3 programming layer (loader) 

(C:\MikTek\tex/latex/l3backend\l3backend-pdftex.def
File: l3backend-pdftex.def 2021-08-04 L3 backend support: PDF output (pdfTeX)
\l__color_backend_stack_int=\count284
\l__pdf_internal_box=\box60
))
Package: l3keys2e 2021-08-04 LaTeX2e option processing using LaTeX3 keys
)
Package: lipsum 2021-08-01 v2.5 150 paragraphs of Lorem Ipsum dummy text
\g__lipsum_par_int=\count285
\l__lipsum_a_int=\count286
\l__lipsum_b_int=\count287

(C:\MikTek\tex/latex/lipsum\lipsum.ltd.tex))
(C:\MikTek\tex/latex/graphics\graphicx.sty
Package: graphicx 2020/12/05 v1.2c Enhanced LaTeX Graphics (DPC,SPQR)

(C:\MikTek\tex/latex/graphics\graphics.sty
Package: graphics 2021/03/04 v1.4d Standard LaTeX Graphics (DPC,SPQR)

(C:\MikTek\tex/latex/graphics-cfg\graphics.cfg
File: graphics.cfg 2016/06/04 v1.11 sample graphics configuration
)
Package graphics Info: Driver file: pdftex.def on input line 107.
)
\Gin@req@height=\dimen175
\Gin@req@width=\dimen176
)
(C:\MikTek\tex/latex/pgf/frontendlayer\tikz.sty
(C:\MikTek\tex/latex/pgf/basiclayer\pgf.sty
(C:\MikTek\tex/latex/pgf/utilities\pgfrcs.sty
(C:\MikTek\tex/generic/pgf/utilities\pgfutil-common.tex
\pgfutil@everybye=\toks30
\pgfutil@tempdima=\dimen177
\pgfutil@tempdimb=\dimen178

(C:\MikTek\tex/generic/pgf/utilities\pgfutil-common-lists.tex))
(C:\MikTek\tex/generic/pgf/utilities\pgfutil-latex.def
\pgfutil@abb=\box61
)
(C:\MikTek\tex/generic/pgf/utilities\pgfrcs.code.tex
(C:\MikTek\tex/generic/pgf\pgf.revision.tex)
Package: pgfrcs 2021/05/15 v3.1.9a (3.1.9a)
))
Package: pgf 2021/05/15 v3.1.9a (3.1.9a)

(C:\MikTek\tex/latex/pgf/basiclayer\pgfcore.sty
(C:\MikTek\tex/latex/pgf/systemlayer\pgfsys.sty
(C:\MikTek\tex/generic/pgf/systemlayer\pgfsys.code.tex
Package: pgfsys 2021/05/15 v3.1.9a (3.1.9a)

(C:\MikTek\tex/generic/pgf/utilities\pgfkeys.code.tex
\pgfkeys@pathtoks=\toks31
\pgfkeys@temptoks=\toks32

(C:\MikTek\tex/generic/pgf/utilities\pgfkeysfiltered.code.tex
\pgfkeys@tmptoks=\toks33
))
\pgf@x=\dimen179
\pgf@y=\dimen180
\pgf@xa=\dimen181
\pgf@ya=\dimen182
\pgf@xb=\dimen183
\pgf@yb=\dimen184
\pgf@xc=\dimen185
\pgf@yc=\dimen186
\pgf@xd=\dimen187
\pgf@yd=\dimen188
\w@pgf@writea=\write3
\r@pgf@reada=\read2
\c@pgf@counta=\count288
\c@pgf@countb=\count289
\c@pgf@countc=\count290
\c@pgf@countd=\count291
\t@pgf@toka=\toks34
\t@pgf@tokb=\toks35
\t@pgf@tokc=\toks36
\pgf@sys@id@count=\count292

(C:\MikTek\tex/generic/pgf/systemlayer\pgf.cfg
File: pgf.cfg 2021/05/15 v3.1.9a (3.1.9a)
)
Driver file for pgf: pgfsys-pdftex.def

(C:\MikTek\tex/generic/pgf/systemlayer\pgfsys-pdftex.def
File: pgfsys-pdftex.def 2021/05/15 v3.1.9a (3.1.9a)

(C:\MikTek\tex/generic/pgf/systemlayer\pgfsys-common-pdf.def
File: pgfsys-common-pdf.def 2021/05/15 v3.1.9a (3.1.9a)
)))
(C:\MikTek\tex/generic/pgf/systemlayer\pgfsyssoftpath.code.tex
File: pgfsyssoftpath.code.tex 2021/05/15 v3.1.9a (3.1.9a)
\pgfsyssoftpath@smallbuffer@items=\count293
\pgfsyssoftpath@bigbuffer@items=\count294
)
(C:\MikTek\tex/generic/pgf/systemlayer\pgfsysprotocol.code.tex
File: pgfsysprotocol.code.tex 2021/05/15 v3.1.9a (3.1.9a)
))
(C:\MikTek\tex/latex/xcolor\xcolor.sty
Package: xcolor 2016/05/11 v2.12 LaTeX color extensions (UK)

(C:\MikTek\tex/latex/graphics-cfg\color.cfg
File: color.cfg 2016/01/02 v1.6 sample color configuration
)
Package xcolor Info: Driver file: pdftex.def on input line 225.
Package xcolor Info: Model `cmy' substituted by `cmy0' on input line 1348.
Package xcolor Info: Model `hsb' substituted by `rgb' on input line 1352.
Package xcolor Info: Model `RGB' extended on input line 1364.
Package xcolor Info: Model `HTML' substituted by `rgb' on input line 1366.
Package xcolor Info: Model `Hsb' substituted by `hsb' on input line 1367.
Package xcolor Info: Model `tHsb' substituted by `hsb' on input line 1368.
Package xcolor Info: Model `HSB' substituted by `hsb' on input line 1369.
Package xcolor Info: Model `Gray' substituted by `gray' on input line 1370.
Package xcolor Info: Model `wave' substituted by `hsb' on input line 1371.
)
(C:\MikTek\tex/generic/pgf/basiclayer\pgfcore.code.tex
Package: pgfcore 2021/05/15 v3.1.9a (3.1.9a)

(C:\MikTek\tex/generic/pgf/math\pgfmath.code.tex
(C:\MikTek\tex/generic/pgf/math\pgfmathcalc.code.tex
(C:\MikTek\tex/generic/pgf/math\pgfmathutil.code.tex)
(C:\MikTek\tex/generic/pgf/math\pgfmathparser.code.tex
\pgfmath@dimen=\dimen189
\pgfmath@count=\count295
\pgfmath@box=\box62
\pgfmath@toks=\toks37
\pgfmath@stack@operand=\toks38
\pgfmath@stack@operation=\toks39
)
(C:\MikTek\tex/generic/pgf/math\pgfmathfunctions.code.tex
(C:\MikTek\tex/generic/pgf/math\pgfmathfunctions.basic.code.tex)
(C:\MikTek\tex/generic/pgf/math\pgfmathfunctions.trigonometric.code.tex)
(C:\MikTek\tex/generic/pgf/math\pgfmathfunctions.random.code.tex)
(C:\MikTek\tex/generic/pgf/math\pgfmathfunctions.comparison.code.tex)
(C:\MikTek\tex/generic/pgf/math\pgfmathfunctions.base.code.tex)
(C:\MikTek\tex/generic/pgf/math\pgfmathfunctions.round.code.tex)
(C:\MikTek\tex/generic/pgf/math\pgfmathfunctions.misc.code.tex)
(C:\MikTek\tex/generic/pgf/math\pgfmathfunctions.integerarithmetics.code.tex)))
(C:\MikTek\tex/generic/pgf/math\pgfmathfloat.code.tex
\c@pgfmathroundto@lastzeros=\count296
))
(C:\MikTek\tex/generic/pgf/math\pgfint.code.tex)
(C:\MikTek\tex/generic/pgf/basiclayer\pgfcorepoints.code.tex
File: pgfcorepoints.code.tex 2021/05/15 v3.1.9a (3.1.9a)
\pgf@picminx=\dimen190
\pgf@picmaxx=\dimen191
\pgf@picminy=\dimen192
\pgf@picmaxy=\dimen193
\pgf@pathminx=\dimen194
\pgf@pathmaxx=\dimen195
\pgf@pathminy=\dimen196
\pgf@pathmaxy=\dimen197
\pgf@xx=\dimen198
\pgf@xy=\dimen199
\pgf@yx=\dimen256
\pgf@yy=\dimen257
\pgf@zx=\dimen258
\pgf@zy=\dimen259
)
(C:\MikTek\tex/generic/pgf/basiclayer\pgfcorepathconstruct.code.tex
File: pgfcorepathconstruct.code.tex 2021/05/15 v3.1.9a (3.1.9a)
\pgf@path@lastx=\dimen260
\pgf@path@lasty=\dimen261
)
(C:\MikTek\tex/generic/pgf/basiclayer\pgfcorepathusage.code.tex
File: pgfcorepathusage.code.tex 2021/05/15 v3.1.9a (3.1.9a)
\pgf@shorten@end@additional=\dimen262
\pgf@shorten@start@additional=\dimen263
)
(C:\MikTek\tex/generic/pgf/basiclayer\pgfcorescopes.code.tex
File: pgfcorescopes.code.tex 2021/05/15 v3.1.9a (3.1.9a)
\pgfpic=\box63
\pgf@hbox=\box64
\pgf@layerbox@main=\box65
\pgf@picture@serial@count=\count297
)
(C:\MikTek\tex/generic/pgf/basiclayer\pgfcoregraphicstate.code.tex
File: pgfcoregraphicstate.code.tex 2021/05/15 v3.1.9a (3.1.9a)
\pgflinewidth=\dimen264
)
(C:\MikTek\tex/generic/pgf/basiclayer\pgfcoretransformations.code.tex
File: pgfcoretransformations.code.tex 2021/05/15 v3.1.9a (3.1.9a)
\pgf@pt@x=\dimen265
\pgf@pt@y=\dimen266
\pgf@pt@temp=\dimen267
)
(C:\MikTek\tex/generic/pgf/basiclayer\pgfcorequick.code.tex
File: pgfcorequick.code.tex 2021/05/15 v3.1.9a (3.1.9a)
)
(C:\MikTek\tex/generic/pgf/basiclayer\pgfcoreobjects.code.tex
File: pgfcoreobjects.code.tex 2021/05/15 v3.1.9a (3.1.9a)
)
(C:\MikTek\tex/generic/pgf/basiclayer\pgfcorepathprocessing.code.tex
File: pgfcorepathprocessing.code.tex 2021/05/15 v3.1.9a (3.1.9a)
)
(C:\MikTek\tex/generic/pgf/basiclayer\pgfcorearrows.code.tex
File: pgfcorearrows.code.tex 2021/05/15 v3.1.9a (3.1.9a)
\pgfarrowsep=\dimen268
)
(C:\MikTek\tex/generic/pgf/basiclayer\pgfcoreshade.code.tex
File: pgfcoreshade.code.tex 2021/05/15 v3.1.9a (3.1.9a)
\pgf@max=\dimen269
\pgf@sys@shading@range@num=\count298
\pgf@shadingcount=\count299
)
(C:\MikTek\tex/generic/pgf/basiclayer\pgfcoreimage.code.tex
File: pgfcoreimage.code.tex 2021/05/15 v3.1.9a (3.1.9a)

(C:\MikTek\tex/generic/pgf/basiclayer\pgfcoreexternal.code.tex
File: pgfcoreexternal.code.tex 2021/05/15 v3.1.9a (3.1.9a)
\pgfexternal@startupbox=\box66
))
(C:\MikTek\tex/generic/pgf/basiclayer\pgfcorelayers.code.tex
File: pgfcorelayers.code.tex 2021/05/15 v3.1.9a (3.1.9a)
)
(C:\MikTek\tex/generic/pgf/basiclayer\pgfcoretransparency.code.tex
File: pgfcoretransparency.code.tex 2021/05/15 v3.1.9a (3.1.9a)
)
(C:\MikTek\tex/generic/pgf/basiclayer\pgfcorepatterns.code.tex
File: pgfcorepatterns.code.tex 2021/05/15 v3.1.9a (3.1.9a)
)
(C:\MikTek\tex/generic/pgf/basiclayer\pgfcorerdf.code.tex
File: pgfcorerdf.code.tex 2021/05/15 v3.1.9a (3.1.9a)
)))
(C:\MikTek\tex/generic/pgf/modules\pgfmoduleshapes.code.tex
File: pgfmoduleshapes.code.tex 2021/05/15 v3.1.9a (3.1.9a)
\pgfnodeparttextbox=\box67
)
(C:\MikTek\tex/generic/pgf/modules\pgfmoduleplot.code.tex
File: pgfmoduleplot.code.tex 2021/05/15 v3.1.9a (3.1.9a)
)
(C:\MikTek\tex/latex/pgf/compatibility\pgfcomp-version-0-65.sty
Package: pgfcomp-version-0-65 2021/05/15 v3.1.9a (3.1.9a)
\pgf@nodesepstart=\dimen270
\pgf@nodesepend=\dimen271
)
(C:\MikTek\tex/latex/pgf/compatibility\pgfcomp-version-1-18.sty
Package: pgfcomp-version-1-18 2021/05/15 v3.1.9a (3.1.9a)
))
(C:\MikTek\tex/latex/pgf/utilities\pgffor.sty
(C:\MikTek\tex/latex/pgf/utilities\pgfkeys.sty
(C:\MikTek\tex/generic/pgf/utilities\pgfkeys.code.tex))
(C:\MikTek\tex/latex/pgf/math\pgfmath.sty
(C:\MikTek\tex/generic/pgf/math\pgfmath.code.tex))
(C:\MikTek\tex/generic/pgf/utilities\pgffor.code.tex
Package: pgffor 2021/05/15 v3.1.9a (3.1.9a)

(C:\MikTek\tex/generic/pgf/math\pgfmath.code.tex)
\pgffor@iter=\dimen272
\pgffor@skip=\dimen273
\pgffor@stack=\toks40
\pgffor@toks=\toks41
))
(C:\MikTek\tex/generic/pgf/frontendlayer/tikz\tikz.code.tex
Package: tikz 2021/05/15 v3.1.9a (3.1.9a)

(C:\MikTek\tex/generic/pgf/libraries\pgflibraryplothandlers.code.tex
File: pgflibraryplothandlers.code.tex 2021/05/15 v3.1.9a (3.1.9a)
\pgf@plot@mark@count=\count300
\pgfplotmarksize=\dimen274
)
\tikz@lastx=\dimen275
\tikz@lasty=\dimen276
\tikz@lastxsaved=\dimen277
\tikz@lastysaved=\dimen278
\tikz@lastmovetox=\dimen279
\tikz@lastmovetoy=\dimen280
\tikzleveldistance=\dimen281
\tikzsiblingdistance=\dimen282
\tikz@figbox=\box68
\tikz@figbox@bg=\box69
\tikz@tempbox=\box70
\tikz@tempbox@bg=\box71
\tikztreelevel=\count301
\tikznumberofchildren=\count302
\tikznumberofcurrentchild=\count303
\tikz@fig@count=\count304

(C:\MikTek\tex/generic/pgf/modules\pgfmodulematrix.code.tex
File: pgfmodulematrix.code.tex 2021/05/15 v3.1.9a (3.1.9a)
\pgfmatrixcurrentrow=\count305
\pgfmatrixcurrentcolumn=\count306
\pgf@matrix@numberofcolumns=\count307
)
\tikz@expandcount=\count308

(C:\MikTek\tex/generic/pgf/frontendlayer/tikz/libraries\tikzlibrarytopaths.code
.tex
File: tikzlibrarytopaths.code.tex 2021/05/15 v3.1.9a (3.1.9a)
))) (C:\MikTek\tex/latex/adjustbox\adjustbox.sty
Package: adjustbox 2020/08/19 v1.3 Adjusting TeX boxes (trim, clip, ...)

(C:\MikTek\tex/latex/xkeyval\xkeyval.sty
Package: xkeyval 2020/11/20 v2.8 package option processing (HA)

(C:\MikTek\tex/generic/xkeyval\xkeyval.tex
(C:\MikTek\tex/generic/xkeyval\xkvutils.tex
\XKV@toks=\toks42
\XKV@tempa@toks=\toks43
)
\XKV@depth=\count309
File: xkeyval.tex 2014/12/03 v2.7a key=value parser (HA)
))
(C:\MikTek\tex/latex/adjustbox\adjcalc.sty
Package: adjcalc 2012/05/16 v1.1 Provides advanced setlength with multiple back
-ends (calc, etex, pgfmath)
)
(C:\MikTek\tex/latex/adjustbox\trimclip.sty
Package: trimclip 2020/08/19 v1.2 Trim and clip general TeX material

(C:\MikTek\tex/latex/collectbox\collectbox.sty
Package: collectbox 2012/05/17 v0.4b Collect macro arguments as boxes
\collectedbox=\box72
)
\tc@llx=\dimen283
\tc@lly=\dimen284
\tc@urx=\dimen285
\tc@ury=\dimen286
Package trimclip Info: Using driver 'tc-pdftex.def'.

(C:\MikTek\tex/latex/adjustbox\tc-pdftex.def
File: tc-pdftex.def 2019/01/04 v2.2 Clipping driver for pdftex
))
\adjbox@Width=\dimen287
\adjbox@Height=\dimen288
\adjbox@Depth=\dimen289
\adjbox@Totalheight=\dimen290
\adjbox@pwidth=\dimen291
\adjbox@pheight=\dimen292
\adjbox@pdepth=\dimen293
\adjbox@ptotalheight=\dimen294

(C:\MikTek\tex/latex/ifoddpage\ifoddpage.sty
Package: ifoddpage 2016/04/23 v1.1 Conditionals for odd/even page detection
\c@checkoddpage=\count310
)
(C:\MikTek\tex/latex/varwidth\varwidth.sty
Package: varwidth 2009/03/30 ver 0.92;  Variable-width minipages
\@vwid@box=\box73
\sift@deathcycles=\count311
\@vwid@loff=\dimen295
\@vwid@roff=\dimen296
))
(C:\MikTek\tex/latex/listings\listings.sty
\lst@mode=\count312
\lst@gtempboxa=\box74
\lst@token=\toks44
\lst@length=\count313
\lst@currlwidth=\dimen297
\lst@column=\count314
\lst@pos=\count315
\lst@lostspace=\dimen298
\lst@width=\dimen299
\lst@newlines=\count316
\lst@lineno=\count317
\lst@maxwidth=\dimen300

(C:\MikTek\tex/latex/listings\lstmisc.sty
File: lstmisc.sty 2020/03/24 1.8d (Carsten Heinz)
\c@lstnumber=\count318
\lst@skipnumbers=\count319
\lst@framebox=\box75
)
(C:\MikTek\tex/latex/listings\listings.cfg
File: listings.cfg 2020/03/24 1.8d listings configuration
))
Package: listings 2020/03/24 1.8d (Carsten Heinz)

(C:\MikTek\tex/latex/listings\lstlang1.sty
File: lstlang1.sty 2020/03/24 1.8d listings language file
)
(C:\MikTek\tex/latex/textgreek\textgreek.sty
Package: textgreek 2011/10/09 v0.7 Greek symbols in text
Package textgreek Info: Loading the definitions for the Greek fontencoding. on 
input line 39.

(C:\MikTek\tex/latex/greek-fontenc\lgrenc.def
File: lgrenc.def 2020/10/13 2.0 LGR Greek font encoding definitions
Now handling font encoding LGR ...
... processing UTF-8 mapping file for font encoding LGR

(C:\MikTek\tex/latex/greek-inputenc\lgrenc.dfu
File: lgrenc.dfu 2019/07/11 1.7 UTF-8 support for Greek
   defining Unicode char U+00A8 (decimal 168)
   defining Unicode char U+00AB (decimal 171)
   defining Unicode char U+00AF (decimal 175)
   defining Unicode char U+00B4 (decimal 180)
   defining Unicode char U+00B7 (decimal 183)
   defining Unicode char U+00BB (decimal 187)
   defining Unicode char U+0259 (decimal 601)
   defining Unicode char U+02D8 (decimal 728)
   defining Unicode char U+0374 (decimal 884)
   defining Unicode char U+0375 (decimal 885)
   defining Unicode char U+037A (decimal 890)
   defining Unicode char U+037E (decimal 894)
   defining Unicode char U+0384 (decimal 900)
   defining Unicode char U+0385 (decimal 901)
   defining Unicode char U+0386 (decimal 902)
   defining Unicode char U+0387 (decimal 903)
   defining Unicode char U+0388 (decimal 904)
   defining Unicode char U+0389 (decimal 905)
   defining Unicode char U+038A (decimal 906)
   defining Unicode char U+038C (decimal 908)
   defining Unicode char U+038E (decimal 910)
   defining Unicode char U+038F (decimal 911)
   defining Unicode char U+0390 (decimal 912)
   defining Unicode char U+0391 (decimal 913)
   defining Unicode char U+0392 (decimal 914)
   defining Unicode char U+0393 (decimal 915)
   defining Unicode char U+0394 (decimal 916)
   defining Unicode char U+0395 (decimal 917)
   defining Unicode char U+0396 (decimal 918)
   defining Unicode char U+0397 (decimal 919)
   defining Unicode char U+0398 (decimal 920)
   defining Unicode char U+0399 (decimal 921)
   defining Unicode char U+039A (decimal 922)
   defining Unicode char U+039B (decimal 923)
   defining Unicode char U+039C (decimal 924)
   defining Unicode char U+039D (decimal 925)
   defining Unicode char U+039E (decimal 926)
   defining Unicode char U+039F (decimal 927)
   defining Unicode char U+03A0 (decimal 928)
   defining Unicode char U+03A1 (decimal 929)
   defining Unicode char U+03A3 (decimal 931)
   defining Unicode char U+03A4 (decimal 932)
   defining Unicode char U+03A5 (decimal 933)
   defining Unicode char U+03A6 (decimal 934)
   defining Unicode char U+03A7 (decimal 935)
   defining Unicode char U+03A8 (decimal 936)
   defining Unicode char U+03A9 (decimal 937)
   defining Unicode char U+03AA (decimal 938)
   defining Unicode char U+03AB (decimal 939)
   defining Unicode char U+03AC (decimal 940)
   defining Unicode char U+03AD (decimal 941)
   defining Unicode char U+03AE (decimal 942)
   defining Unicode char U+03AF (decimal 943)
   defining Unicode char U+03B0 (decimal 944)
   defining Unicode char U+03B1 (decimal 945)
   defining Unicode char U+03B2 (decimal 946)
   defining Unicode char U+03B3 (decimal 947)
   defining Unicode char U+03B4 (decimal 948)
   defining Unicode char U+03B5 (decimal 949)
   defining Unicode char U+03B6 (decimal 950)
   defining Unicode char U+03B7 (decimal 951)
   defining Unicode char U+03B8 (decimal 952)
   defining Unicode char U+03B9 (decimal 953)
   defining Unicode char U+03BA (decimal 954)
   defining Unicode char U+03BB (decimal 955)
   defining Unicode char U+03BC (decimal 956)
   defining Unicode char U+03BD (decimal 957)
   defining Unicode char U+03BE (decimal 958)
   defining Unicode char U+03BF (decimal 959)
   defining Unicode char U+03C0 (decimal 960)
   defining Unicode char U+03C1 (decimal 961)
   defining Unicode char U+03C2 (decimal 962)
   defining Unicode char U+03C3 (decimal 963)
   defining Unicode char U+03C4 (decimal 964)
   defining Unicode char U+03C5 (decimal 965)
   defining Unicode char U+03C6 (decimal 966)
   defining Unicode char U+03C7 (decimal 967)
   defining Unicode char U+03C8 (decimal 968)
   defining Unicode char U+03C9 (decimal 969)
   defining Unicode char U+03CA (decimal 970)
   defining Unicode char U+03CB (decimal 971)
   defining Unicode char U+03CC (decimal 972)
   defining Unicode char U+03CD (decimal 973)
   defining Unicode char U+03CE (decimal 974)
   defining Unicode char U+03D0 (decimal 976)
   defining Unicode char U+03D1 (decimal 977)
   defining Unicode char U+03D5 (decimal 981)
   defining Unicode char U+03D6 (decimal 982)
   defining Unicode char U+03D8 (decimal 984)
   defining Unicode char U+03D9 (decimal 985)
   defining Unicode char U+03DA (decimal 986)
   defining Unicode char U+03DB (decimal 987)
   defining Unicode char U+03DC (decimal 988)
   defining Unicode char U+03DD (decimal 989)
   defining Unicode char U+03DF (decimal 991)
   defining Unicode char U+03E0 (decimal 992)
   defining Unicode char U+03E1 (decimal 993)
   defining Unicode char U+03F0 (decimal 1008)
   defining Unicode char U+03F1 (decimal 1009)
   defining Unicode char U+03F4 (decimal 1012)
   defining Unicode char U+03F5 (decimal 1013)
   defining Unicode char U+1F00 (decimal 7936)
   defining Unicode char U+1F01 (decimal 7937)
   defining Unicode char U+1F02 (decimal 7938)
   defining Unicode char U+1F03 (decimal 7939)
   defining Unicode char U+1F04 (decimal 7940)
   defining Unicode char U+1F05 (decimal 7941)
   defining Unicode char U+1F06 (decimal 7942)
   defining Unicode char U+1F07 (decimal 7943)
   defining Unicode char U+1F08 (decimal 7944)
   defining Unicode char U+1F09 (decimal 7945)
   defining Unicode char U+1F0A (decimal 7946)
   defining Unicode char U+1F0B (decimal 7947)
   defining Unicode char U+1F0C (decimal 7948)
   defining Unicode char U+1F0D (decimal 7949)
   defining Unicode char U+1F0E (decimal 7950)
   defining Unicode char U+1F0F (decimal 7951)
   defining Unicode char U+1F10 (decimal 7952)
   defining Unicode char U+1F11 (decimal 7953)
   defining Unicode char U+1F12 (decimal 7954)
   defining Unicode char U+1F13 (decimal 7955)
   defining Unicode char U+1F14 (decimal 7956)
   defining Unicode char U+1F15 (decimal 7957)
   defining Unicode char U+1F18 (decimal 7960)
   defining Unicode char U+1F19 (decimal 7961)
   defining Unicode char U+1F1A (decimal 7962)
   defining Unicode char U+1F1B (decimal 7963)
   defining Unicode char U+1F1C (decimal 7964)
   defining Unicode char U+1F1D (decimal 7965)
   defining Unicode char U+1F20 (decimal 7968)
   defining Unicode char U+1F21 (decimal 7969)
   defining Unicode char U+1F22 (decimal 7970)
   defining Unicode char U+1F23 (decimal 7971)
   defining Unicode char U+1F24 (decimal 7972)
   defining Unicode char U+1F25 (decimal 7973)
   defining Unicode char U+1F26 (decimal 7974)
   defining Unicode char U+1F27 (decimal 7975)
   defining Unicode char U+1F28 (decimal 7976)
   defining Unicode char U+1F29 (decimal 7977)
   defining Unicode char U+1F2A (decimal 7978)
   defining Unicode char U+1F2B (decimal 7979)
   defining Unicode char U+1F2C (decimal 7980)
   defining Unicode char U+1F2D (decimal 7981)
   defining Unicode char U+1F2E (decimal 7982)
   defining Unicode char U+1F2F (decimal 7983)
   defining Unicode char U+1F30 (decimal 7984)
   defining Unicode char U+1F31 (decimal 7985)
   defining Unicode char U+1F32 (decimal 7986)
   defining Unicode char U+1F33 (decimal 7987)
   defining Unicode char U+1F34 (decimal 7988)
   defining Unicode char U+1F35 (decimal 7989)
   defining Unicode char U+1F36 (decimal 7990)
   defining Unicode char U+1F37 (decimal 7991)
   defining Unicode char U+1F38 (decimal 7992)
   defining Unicode char U+1F39 (decimal 7993)
   defining Unicode char U+1F3A (decimal 7994)
   defining Unicode char U+1F3B (decimal 7995)
   defining Unicode char U+1F3C (decimal 7996)
   defining Unicode char U+1F3D (decimal 7997)
   defining Unicode char U+1F3E (decimal 7998)
   defining Unicode char U+1F3F (decimal 7999)
   defining Unicode char U+1F40 (decimal 8000)
   defining Unicode char U+1F41 (decimal 8001)
   defining Unicode char U+1F42 (decimal 8002)
   defining Unicode char U+1F43 (decimal 8003)
   defining Unicode char U+1F44 (decimal 8004)
   defining Unicode char U+1F45 (decimal 8005)
   defining Unicode char U+1F48 (decimal 8008)
   defining Unicode char U+1F49 (decimal 8009)
   defining Unicode char U+1F4A (decimal 8010)
   defining Unicode char U+1F4B (decimal 8011)
   defining Unicode char U+1F4C (decimal 8012)
   defining Unicode char U+1F4D (decimal 8013)
   defining Unicode char U+1F50 (decimal 8016)
   defining Unicode char U+1F51 (decimal 8017)
   defining Unicode char U+1F52 (decimal 8018)
   defining Unicode char U+1F53 (decimal 8019)
   defining Unicode char U+1F54 (decimal 8020)
   defining Unicode char U+1F55 (decimal 8021)
   defining Unicode char U+1F56 (decimal 8022)
   defining Unicode char U+1F57 (decimal 8023)
   defining Unicode char U+1F59 (decimal 8025)
   defining Unicode char U+1F5B (decimal 8027)
   defining Unicode char U+1F5D (decimal 8029)
   defining Unicode char U+1F5F (decimal 8031)
   defining Unicode char U+1F60 (decimal 8032)
   defining Unicode char U+1F61 (decimal 8033)
   defining Unicode char U+1F62 (decimal 8034)
   defining Unicode char U+1F63 (decimal 8035)
   defining Unicode char U+1F64 (decimal 8036)
   defining Unicode char U+1F65 (decimal 8037)
   defining Unicode char U+1F66 (decimal 8038)
   defining Unicode char U+1F67 (decimal 8039)
   defining Unicode char U+1F68 (decimal 8040)
   defining Unicode char U+1F69 (decimal 8041)
   defining Unicode char U+1F6A (decimal 8042)
   defining Unicode char U+1F6B (decimal 8043)
   defining Unicode char U+1F6C (decimal 8044)
   defining Unicode char U+1F6D (decimal 8045)
   defining Unicode char U+1F6E (decimal 8046)
   defining Unicode char U+1F6F (decimal 8047)
   defining Unicode char U+1F70 (decimal 8048)
   defining Unicode char U+1F71 (decimal 8049)
   defining Unicode char U+1F72 (decimal 8050)
   defining Unicode char U+1F73 (decimal 8051)
   defining Unicode char U+1F74 (decimal 8052)
   defining Unicode char U+1F75 (decimal 8053)
   defining Unicode char U+1F76 (decimal 8054)
   defining Unicode char U+1F77 (decimal 8055)
   defining Unicode char U+1F78 (decimal 8056)
   defining Unicode char U+1F79 (decimal 8057)
   defining Unicode char U+1F7A (decimal 8058)
   defining Unicode char U+1F7B (decimal 8059)
   defining Unicode char U+1F7C (decimal 8060)
   defining Unicode char U+1F7D (decimal 8061)
   defining Unicode char U+1F80 (decimal 8064)
   defining Unicode char U+1F81 (decimal 8065)
   defining Unicode char U+1F82 (decimal 8066)
   defining Unicode char U+1F83 (decimal 8067)
   defining Unicode char U+1F84 (decimal 8068)
   defining Unicode char U+1F85 (decimal 8069)
   defining Unicode char U+1F86 (decimal 8070)
   defining Unicode char U+1F87 (decimal 8071)
   defining Unicode char U+1F88 (decimal 8072)
   defining Unicode char U+1F89 (decimal 8073)
   defining Unicode char U+1F8A (decimal 8074)
   defining Unicode char U+1F8B (decimal 8075)
   defining Unicode char U+1F8C (decimal 8076)
   defining Unicode char U+1F8D (decimal 8077)
   defining Unicode char U+1F8E (decimal 8078)
   defining Unicode char U+1F8F (decimal 8079)
   defining Unicode char U+1F90 (decimal 8080)
   defining Unicode char U+1F91 (decimal 8081)
   defining Unicode char U+1F92 (decimal 8082)
   defining Unicode char U+1F93 (decimal 8083)
   defining Unicode char U+1F94 (decimal 8084)
   defining Unicode char U+1F95 (decimal 8085)
   defining Unicode char U+1F96 (decimal 8086)
   defining Unicode char U+1F97 (decimal 8087)
   defining Unicode char U+1F98 (decimal 8088)
   defining Unicode char U+1F99 (decimal 8089)
   defining Unicode char U+1F9A (decimal 8090)
   defining Unicode char U+1F9B (decimal 8091)
   defining Unicode char U+1F9C (decimal 8092)
   defining Unicode char U+1F9D (decimal 8093)
   defining Unicode char U+1F9E (decimal 8094)
   defining Unicode char U+1F9F (decimal 8095)
   defining Unicode char U+1FA0 (decimal 8096)
   defining Unicode char U+1FA1 (decimal 8097)
   defining Unicode char U+1FA2 (decimal 8098)
   defining Unicode char U+1FA3 (decimal 8099)
   defining Unicode char U+1FA4 (decimal 8100)
   defining Unicode char U+1FA5 (decimal 8101)
   defining Unicode char U+1FA6 (decimal 8102)
   defining Unicode char U+1FA7 (decimal 8103)
   defining Unicode char U+1FA8 (decimal 8104)
   defining Unicode char U+1FA9 (decimal 8105)
   defining Unicode char U+1FAA (decimal 8106)
   defining Unicode char U+1FAB (decimal 8107)
   defining Unicode char U+1FAC (decimal 8108)
   defining Unicode char U+1FAD (decimal 8109)
   defining Unicode char U+1FAE (decimal 8110)
   defining Unicode char U+1FAF (decimal 8111)
   defining Unicode char U+1FB0 (decimal 8112)
   defining Unicode char U+1FB1 (decimal 8113)
   defining Unicode char U+1FB2 (decimal 8114)
   defining Unicode char U+1FB3 (decimal 8115)
   defining Unicode char U+1FB4 (decimal 8116)
   defining Unicode char U+1FB6 (decimal 8118)
   defining Unicode char U+1FB7 (decimal 8119)
   defining Unicode char U+1FB8 (decimal 8120)
   defining Unicode char U+1FB9 (decimal 8121)
   defining Unicode char U+1FBA (decimal 8122)
   defining Unicode char U+1FBB (decimal 8123)
   defining Unicode char U+1FBC (decimal 8124)
   defining Unicode char U+1FBD (decimal 8125)
   defining Unicode char U+1FBE (decimal 8126)
   defining Unicode char U+1FBF (decimal 8127)
   defining Unicode char U+1FC0 (decimal 8128)
   defining Unicode char U+1FC1 (decimal 8129)
   defining Unicode char U+1FC2 (decimal 8130)
   defining Unicode char U+1FC3 (decimal 8131)
   defining Unicode char U+1FC4 (decimal 8132)
   defining Unicode char U+1FC6 (decimal 8134)
   defining Unicode char U+1FC7 (decimal 8135)
   defining Unicode char U+1FC8 (decimal 8136)
   defining Unicode char U+1FC9 (decimal 8137)
   defining Unicode char U+1FCA (decimal 8138)
   defining Unicode char U+1FCB (decimal 8139)
   defining Unicode char U+1FCC (decimal 8140)
   defining Unicode char U+1FCD (decimal 8141)
   defining Unicode char U+1FCE (decimal 8142)
   defining Unicode char U+1FCF (decimal 8143)
   defining Unicode char U+1FD0 (decimal 8144)
   defining Unicode char U+1FD1 (decimal 8145)
   defining Unicode char U+1FD2 (decimal 8146)
   defining Unicode char U+1FD3 (decimal 8147)
   defining Unicode char U+1FD6 (decimal 8150)
   defining Unicode char U+1FD7 (decimal 8151)
   defining Unicode char U+1FD8 (decimal 8152)
   defining Unicode char U+1FD9 (decimal 8153)
   defining Unicode char U+1FDA (decimal 8154)
   defining Unicode char U+1FDB (decimal 8155)
   defining Unicode char U+1FDD (decimal 8157)
   defining Unicode char U+1FDE (decimal 8158)
   defining Unicode char U+1FDF (decimal 8159)
   defining Unicode char U+1FE0 (decimal 8160)
   defining Unicode char U+1FE1 (decimal 8161)
   defining Unicode char U+1FE2 (decimal 8162)
   defining Unicode char U+1FE3 (decimal 8163)
   defining Unicode char U+1FE4 (decimal 8164)
   defining Unicode char U+1FE5 (decimal 8165)
   defining Unicode char U+1FE6 (decimal 8166)
   defining Unicode char U+1FE7 (decimal 8167)
   defining Unicode char U+1FE8 (decimal 8168)
   defining Unicode char U+1FE9 (decimal 8169)
   defining Unicode char U+1FEA (decimal 8170)
   defining Unicode char U+1FEB (decimal 8171)
   defining Unicode char U+1FEC (decimal 8172)
   defining Unicode char U+1FED (decimal 8173)
   defining Unicode char U+1FEE (decimal 8174)
   defining Unicode char U+1FEF (decimal 8175)
   defining Unicode char U+1FF2 (decimal 8178)
   defining Unicode char U+1FF3 (decimal 8179)
   defining Unicode char U+1FF4 (decimal 8180)
   defining Unicode char U+1FF6 (decimal 8182)
   defining Unicode char U+1FF7 (decimal 8183)
   defining Unicode char U+1FF8 (decimal 8184)
   defining Unicode char U+1FF9 (decimal 8185)
   defining Unicode char U+1FFA (decimal 8186)
   defining Unicode char U+1FFB (decimal 8187)
   defining Unicode char U+1FFC (decimal 8188)
   defining Unicode char U+1FFD (decimal 8189)
   defining Unicode char U+1FFE (decimal 8190)
   defining Unicode char U+2013 (decimal 8211)
   defining Unicode char U+2014 (decimal 8212)
   defining Unicode char U+2018 (decimal 8216)
   defining Unicode char U+2019 (decimal 8217)
   defining Unicode char U+201A (decimal 8218)
   defining Unicode char U+2030 (decimal 8240)
   defining Unicode char U+2039 (decimal 8249)
   defining Unicode char U+203A (decimal 8250)
   defining Unicode char U+20AC (decimal 8364)
   defining Unicode char U+2126 (decimal 8486)
   defining Unicode char U+10144 (decimal 65860)
   defining Unicode char U+10145 (decimal 65861)
   defining Unicode char U+10146 (decimal 65862)
   defining Unicode char U+10147 (decimal 65863)
)
(C:\MikTek\tex/latex/greek-fontenc\greek-fontenc.def
File: greek-fontenc.def 2020/10/30 2.0 Common Greek font encoding definitions
))
Package textgreek Info: Loaded fontmap: {eur/*/*}{U/eur/*/*} {phv/*/*}{U/psy/*/
*}. on input line 69.
)
(C:\MikTek\tex/latex/wrapfig\wrapfig.sty
\wrapoverhang=\dimen301
\WF@size=\dimen302
\c@WF@wrappedlines=\count320
\WF@box=\box76
\WF@everypar=\toks45
Package: wrapfig 2003/01/31  v 3.6
)
(C:\MikTek\tex/latex/pgfplots\pgfplots.sty
(C:\MikTek\tex/generic/pgfplots\pgfplots.revision.tex)
Package: pgfplots 2021/05/15 v1.18.1 Data Visualization (1.18.1)

(C:\MikTek\tex/generic/pgfplots\pgfplots.code.tex
(C:\MikTek\tex/generic/pgfplots\pgfplotscore.code.tex
\t@pgfplots@toka=\toks46
\t@pgfplots@tokb=\toks47
\t@pgfplots@tokc=\toks48
\pgfplots@tmpa=\dimen303
\c@pgfplots@coordindex=\count321
\c@pgfplots@scanlineindex=\count322

(C:\MikTek\tex/generic/pgfplots/sys\pgfplotssysgeneric.code.tex))
(C:\MikTek\tex/generic/pgfplots/libs\pgfplotslibrary.code.tex)
(C:\MikTek\tex/generic/pgfplots/oldpgfcompatib\pgfplotsoldpgfsupp_loader.code.t
ex (C:\MikTek\tex/generic/pgf/libraries\pgflibraryfpu.code.tex))
(C:\MikTek\tex/generic/pgfplots/util\pgfplotsutil.code.tex
(C:\MikTek\tex/generic/pgfplots/liststructure\pgfplotsliststructure.code.tex)
(C:\MikTek\tex/generic/pgfplots/liststructure\pgfplotsliststructureext.code.tex
) (C:\MikTek\tex/generic/pgfplots/liststructure\pgfplotsarray.code.tex
\c@pgfplotsarray@tmp=\count323
)
(C:\MikTek\tex/generic/pgfplots/liststructure\pgfplotsmatrix.code.tex)
(C:\MikTek\tex/generic/pgfplots/numtable\pgfplotstableshared.code.tex
\c@pgfplotstable@counta=\count324
\t@pgfplotstable@a=\toks49
)
(C:\MikTek\tex/generic/pgfplots/liststructure\pgfplotsdeque.code.tex)
(C:\MikTek\tex/generic/pgfplots/util\pgfplotsbinary.code.tex
(C:\MikTek\tex/generic/pgfplots/util\pgfplotsbinary.data.code.tex))
(C:\MikTek\tex/generic/pgfplots/util\pgfplotsutil.verb.code.tex)
(C:\MikTek\tex/generic/pgfplots/libs\pgflibrarypgfplots.surfshading.code.tex
\c@pgfplotslibrarysurf@no=\count325

(C:\MikTek\tex/generic/pgfplots/sys\pgflibrarypgfplots.surfshading.pgfsys-pdfte
x.def))) (C:\MikTek\tex/generic/pgfplots/util\pgfplotscolormap.code.tex
(C:\MikTek\tex/generic/pgfplots/util\pgfplotscolor.code.tex))
(C:\MikTek\tex/generic/pgfplots\pgfplotsstackedplots.code.tex)
(C:\MikTek\tex/generic/pgfplots\pgfplotsplothandlers.code.tex
(C:\MikTek\tex/generic/pgfplots\pgfplotsmeshplothandler.code.tex
(C:\MikTek\tex/generic/pgfplots\pgfplotsmeshplotimage.code.tex)))
(C:\MikTek\tex/generic/pgfplots\pgfplots.scaling.code.tex)
(C:\MikTek\tex/generic/pgfplots\pgfplotscoordprocessing.code.tex)
(C:\MikTek\tex/generic/pgfplots\pgfplots.errorbars.code.tex)
(C:\MikTek\tex/generic/pgfplots\pgfplots.markers.code.tex)
(C:\MikTek\tex/generic/pgfplots\pgfplotsticks.code.tex)
(C:\MikTek\tex/generic/pgfplots\pgfplots.paths.code.tex)
(C:\MikTek\tex/generic/pgf/frontendlayer/tikz/libraries\tikzlibrarydecorations.
code.tex (C:\MikTek\tex/generic/pgf/modules\pgfmoduledecorations.code.tex
\pgfdecoratedcompleteddistance=\dimen304
\pgfdecoratedremainingdistance=\dimen305
\pgfdecoratedinputsegmentcompleteddistance=\dimen306
\pgfdecoratedinputsegmentremainingdistance=\dimen307
\pgf@decorate@distancetomove=\dimen308
\pgf@decorate@repeatstate=\count326
\pgfdecorationsegmentamplitude=\dimen309
\pgfdecorationsegmentlength=\dimen310
)
\tikz@lib@dec@box=\box77
)
(C:\MikTek\tex/generic/pgf/frontendlayer/tikz/libraries\tikzlibrarydecorations.
pathmorphing.code.tex
(C:\MikTek\tex/generic/pgf/libraries/decorations\pgflibrarydecorations.pathmorp
hing.code.tex))
(C:\MikTek\tex/generic/pgf/frontendlayer/tikz/libraries\tikzlibrarydecorations.
pathreplacing.code.tex
(C:\MikTek\tex/generic/pgf/libraries/decorations\pgflibrarydecorations.pathrepl
acing.code.tex))
(C:\MikTek\tex/generic/pgfplots/libs\tikzlibrarypgfplots.contourlua.code.tex)
\pgfplots@numplots=\count327
\pgfplots@xmin@reg=\dimen311
\pgfplots@xmax@reg=\dimen312
\pgfplots@ymin@reg=\dimen313
\pgfplots@ymax@reg=\dimen314
\pgfplots@zmin@reg=\dimen315
\pgfplots@zmax@reg=\dimen316
)
(C:\MikTek\tex/generic/pgf/frontendlayer/tikz/libraries\tikzlibraryplotmarks.co
de.tex
File: tikzlibraryplotmarks.code.tex 2021/05/15 v3.1.9a (3.1.9a)
 (C:\MikTek\tex/generic/pgf/libraries\pgflibraryplotmarks.code.tex
File: pgflibraryplotmarks.code.tex 2021/05/15 v3.1.9a (3.1.9a)
)))
(C:\MikTek\tex/generic/pgfplots/libs\tikzlibrarypgfplots.external.code.tex
(C:\MikTek\tex/latex/pgf/frontendlayer/libraries\tikzlibraryexternal.code.tex
(C:\MikTek\tex/generic/pgf/frontendlayer/tikz/libraries\tikzexternalshared.code
.tex)))
(C:\MikTek\tex/generic/pgf/frontendlayer/tikz/libraries\tikzlibrarypatterns.met
a.code.tex
(C:\MikTek\tex/generic/pgf/libraries\pgflibrarypatterns.meta.code.tex))
(C:\MikTek\tex/generic/pgf/frontendlayer/tikz/libraries\tikzlibrarypatterns.cod
e.tex
File: tikzlibrarypatterns.code.tex 2021/05/15 v3.1.9a (3.1.9a)
 (C:\MikTek\tex/generic/pgf/libraries\pgflibrarypatterns.code.tex
File: pgflibrarypatterns.code.tex 2021/05/15 v3.1.9a (3.1.9a)
))
\openout3 = `main.auxlock'.


(C:\MikTek\tex/generic/babel\babel.sty
Package: babel 2021/07/22 3.63 The Babel package
 (C:\MikTek\tex/generic/babel\babel.def
File: babel.def 2021/07/22 3.63 Babel common definitions
\babel@savecnt=\count328
\U@D=\dimen317
\l@unhyphenated=\language79

(C:\MikTek\tex/generic/babel\txtbabel.def)
\bbl@readstream=\read3
)
\bbl@dirlevel=\count329

*************************************
* Local config file bblopts.cfg used
*
(C:\MikTek\tex/latex/arabi\bblopts.cfg
File: bblopts.cfg 2005/09/08 v0.1 add Arabic and Farsi to "declared" options of
 babel
)
Package babel Info: You haven't specified a language. I'll use 'nil'
(babel)             as the main language. Reported on input line 1088.
 (C:\MikTek\tex/generic/babel\nil.ldf
Language: nil 2021/07/22 3.63 Nil language
\l@nil=\language80
))
(C:\MikTek\tex/latex/appendix\appendix.sty
Package: appendix 2020/02/08 v1.2c extra appendix facilities
\c@@pps=\count330
\c@@ppsavesec=\count331
\c@@ppsaveapp=\count332
)
(C:\MikTek\tex/latex/listingsutf8\listingsutf8.sty
Package: listingsutf8 2019-12-10 v1.5 Allow UTF-8 in listings input (HO)

(C:\MikTek\tex/generic/stringenc\stringenc.sty
Package: stringenc 2019/11/29 v1.12 Convert strings between diff. encodings (HO
)
))
(C:\MikTek\tex/latex/xpatch\xpatch.sty
Package: xpatch 2020/03/25 v0.3a Extending etoolbox patching commands

(C:\MikTek\tex/latex/l3packages/xparse\xparse.sty
Package: xparse 2021-08-04 L3 Experimental document command parser
))
(C:\MikTek\tex/latex/psnfss\mathptmx.sty
Package: mathptmx 2020/03/25 PSNFSS-v9.3 Times w/ Math, improved (SPQR, WaS) 
LaTeX Font Info:    Redeclaring symbol font `operators' on input line 28.
LaTeX Font Info:    Overwriting symbol font `operators' in version `normal'
(Font)                  OT1/cmr/m/n --> OT1/ztmcm/m/n on input line 28.
LaTeX Font Info:    Overwriting symbol font `operators' in version `bold'
(Font)                  OT1/cmr/bx/n --> OT1/ztmcm/m/n on input line 28.
LaTeX Font Info:    Redeclaring symbol font `letters' on input line 29.
LaTeX Font Info:    Overwriting symbol font `letters' in version `normal'
(Font)                  OML/cmm/m/it --> OML/ztmcm/m/it on input line 29.
LaTeX Font Info:    Overwriting symbol font `letters' in version `bold'
(Font)                  OML/cmm/b/it --> OML/ztmcm/m/it on input line 29.
LaTeX Font Info:    Redeclaring symbol font `symbols' on input line 30.
LaTeX Font Info:    Overwriting symbol font `symbols' in version `normal'
(Font)                  OMS/cmsy/m/n --> OMS/ztmcm/m/n on input line 30.
LaTeX Font Info:    Overwriting symbol font `symbols' in version `bold'
(Font)                  OMS/cmsy/b/n --> OMS/ztmcm/m/n on input line 30.
LaTeX Font Info:    Redeclaring symbol font `largesymbols' on input line 31.
LaTeX Font Info:    Overwriting symbol font `largesymbols' in version `normal'
(Font)                  OMX/cmex/m/n --> OMX/ztmcm/m/n on input line 31.
LaTeX Font Info:    Overwriting symbol font `largesymbols' in version `bold'
(Font)                  OMX/cmex/m/n --> OMX/ztmcm/m/n on input line 31.
\symbold=\mathgroup9
\symitalic=\mathgroup10
LaTeX Font Info:    Redeclaring math alphabet \mathbf on input line 34.
LaTeX Font Info:    Redeclaring math alphabet \mathit on input line 35.
LaTeX Font Info:    Overwriting math alphabet `\mathit' in version `normal'
(Font)                  OT1/cmr/m/it --> OT1/ptm/m/it on input line 35.
LaTeX Font Info:    Overwriting math alphabet `\mathit' in version `bold'
(Font)                  OT1/cmr/bx/it --> OT1/ptm/m/it on input line 35.
LaTeX Info: Redefining \hbar on input line 50.
)
LaTeX Font Info:    Trying to load font information for OT1+ptm on input line 1
23.
 (C:\MikTek\tex/latex/psnfss\ot1ptm.fd
File: ot1ptm.fd 2001/06/04 font definitions for OT1/ptm.
) (main.aux

LaTeX Warning: Label `' multiply defined.


LaTeX Warning: Label `' multiply defined.


LaTeX Warning: Label `' multiply defined.


LaTeX Warning: Label `' multiply defined.


LaTeX Warning: Label `' multiply defined.


LaTeX Warning: Label `' multiply defined.


LaTeX Warning: Label `' multiply defined.


LaTeX Warning: Label `' multiply defined.


LaTeX Warning: Label `' multiply defined.


LaTeX Warning: Label `' multiply defined.


LaTeX Warning: Label `' multiply defined.


LaTeX Warning: Label `' multiply defined.


LaTeX Warning: Label `' multiply defined.


LaTeX Warning: Label `' multiply defined.


LaTeX Warning: Label `' multiply defined.


LaTeX Warning: Label `' multiply defined.


LaTeX Warning: Label `' multiply defined.


LaTeX Warning: Label `' multiply defined.


LaTeX Warning: Label `' multiply defined.


LaTeX Warning: Label `' multiply defined.


LaTeX Warning: Label `' multiply defined.


LaTeX Warning: Label `' multiply defined.


LaTeX Warning: Label `' multiply defined.


LaTeX Warning: Label `' multiply defined.


LaTeX Warning: Label `' multiply defined.


LaTeX Warning: Label `' multiply defined.


LaTeX Warning: Label `' multiply defined.


LaTeX Warning: Label `' multiply defined.


LaTeX Warning: Label `' multiply defined.


LaTeX Warning: Label `' multiply defined.


LaTeX Warning: Label `' multiply defined.


LaTeX Warning: Label `' multiply defined.


LaTeX Warning: Label `' multiply defined.


LaTeX Warning: Label `' multiply defined.


LaTeX Warning: Label `' multiply defined.


LaTeX Warning: Label `' multiply defined.


LaTeX Warning: Label `' multiply defined.


LaTeX Warning: Label `' multiply defined.


LaTeX Warning: Label `' multiply defined.


LaTeX Warning: Label `' multiply defined.


LaTeX Warning: Label `' multiply defined.


LaTeX Warning: Label `' multiply defined.


LaTeX Warning: Label `' multiply defined.


LaTeX Warning: Label `' multiply defined.


LaTeX Warning: Label `' multiply defined.


LaTeX Warning: Label `' multiply defined.


LaTeX Warning: Label `' multiply defined.


LaTeX Warning: Label `' multiply defined.


LaTeX Warning: Label `' multiply defined.


LaTeX Warning: Label `' multiply defined.


LaTeX Warning: Label `' multiply defined.


LaTeX Warning: Label `' multiply defined.


LaTeX Warning: Label `' multiply defined.


LaTeX Warning: Label `' multiply defined.


LaTeX Warning: Label `' multiply defined.


LaTeX Warning: Label `' multiply defined.


LaTeX Warning: Label `' multiply defined.


LaTeX Warning: Label `' multiply defined.


LaTeX Warning: Label `' multiply defined.


LaTeX Warning: Label `' multiply defined.


LaTeX Warning: Label `' multiply defined.


LaTeX Warning: Label `' multiply defined.


LaTeX Warning: Label `' multiply defined.


LaTeX Warning: Label `' multiply defined.


LaTeX Warning: Label `' multiply defined.


LaTeX Warning: Label `' multiply defined.


LaTeX Warning: Label `' multiply defined.


LaTeX Warning: Label `' multiply defined.


LaTeX Warning: Label `' multiply defined.


LaTeX Warning: Label `' multiply defined.


LaTeX Warning: Label `' multiply defined.


LaTeX Warning: Label `' multiply defined.


LaTeX Warning: Label `' multiply defined.


LaTeX Warning: Label `' multiply defined.


LaTeX Warning: Label `' multiply defined.


LaTeX Warning: Label `' multiply defined.


LaTeX Warning: Label `' multiply defined.


LaTeX Warning: Label `' multiply defined.


LaTeX Warning: Label `' multiply defined.


LaTeX Warning: Label `' multiply defined.


LaTeX Warning: Label `' multiply defined.


LaTeX Warning: Label `' multiply defined.


LaTeX Warning: Label `' multiply defined.


LaTeX Warning: Label `' multiply defined.


LaTeX Warning: Label `' multiply defined.


LaTeX Warning: Label `' multiply defined.


LaTeX Warning: Label `' multiply defined.


LaTeX Warning: Label `' multiply defined.


LaTeX Warning: Label `' multiply defined.


LaTeX Warning: Label `' multiply defined.


LaTeX Warning: Label `' multiply defined.


LaTeX Warning: Label `' multiply defined.


LaTeX Warning: Label `' multiply defined.


LaTeX Warning: Label `' multiply defined.


LaTeX Warning: Label `' multiply defined.


LaTeX Warning: Label `' multiply defined.


LaTeX Warning: Label `' multiply defined.


LaTeX Warning: Label `' multiply defined.


LaTeX Warning: Label `' multiply defined.


LaTeX Warning: Label `' multiply defined.


LaTeX Warning: Label `' multiply defined.


LaTeX Warning: Label `' multiply defined.


LaTeX Warning: Label `' multiply defined.


LaTeX Warning: Label `' multiply defined.


LaTeX Warning: Label `' multiply defined.


LaTeX Warning: Label `' multiply defined.


LaTeX Warning: Label `' multiply defined.


LaTeX Warning: Label `' multiply defined.


LaTeX Warning: Label `' multiply defined.


LaTeX Warning: Label `' multiply defined.


LaTeX Warning: Label `' multiply defined.


LaTeX Warning: Label `' multiply defined.


LaTeX Warning: Label `' multiply defined.


LaTeX Warning: Label `' multiply defined.


LaTeX Warning: Label `' multiply defined.


LaTeX Warning: Label `' multiply defined.


LaTeX Warning: Label `' multiply defined.

)
\openout1 = `main.aux'.

LaTeX Font Info:    Checking defaults for OML/cmm/m/it on input line 123.
LaTeX Font Info:    ... okay on input line 123.
LaTeX Font Info:    Checking defaults for OMS/cmsy/m/n on input line 123.
LaTeX Font Info:    ... okay on input line 123.
LaTeX Font Info:    Checking defaults for OT1/cmr/m/n on input line 123.
LaTeX Font Info:    ... okay on input line 123.
LaTeX Font Info:    Checking defaults for T1/cmr/m/n on input line 123.
LaTeX Font Info:    ... okay on input line 123.
LaTeX Font Info:    Checking defaults for TS1/cmr/m/n on input line 123.
LaTeX Font Info:    ... okay on input line 123.
LaTeX Font Info:    Checking defaults for OMX/cmex/m/n on input line 123.
LaTeX Font Info:    ... okay on input line 123.
LaTeX Font Info:    Checking defaults for U/cmr/m/n on input line 123.
LaTeX Font Info:    ... okay on input line 123.
LaTeX Font Info:    Checking defaults for PD1/pdf/m/n on input line 123.
LaTeX Font Info:    ... okay on input line 123.
LaTeX Font Info:    Checking defaults for PU/pdf/m/n on input line 123.
LaTeX Font Info:    ... okay on input line 123.
LaTeX Font Info:    Checking defaults for LGR/cmr/m/n on input line 123.
LaTeX Font Info:    Trying to load font information for LGR+cmr on input line 1
23.
 (C:\MikTek\tex/latex/cbfonts-fd\lgrcmr.fd
File: lgrcmr.fd 2017/07/29 v1.2 Greek European Computer Regular
)
LaTeX Font Info:    ... okay on input line 123.

(C:\MikTek\tex/context/base/mkii\supp-pdf.mkii
[Loading MPS to PDF converter (version 2006.09.02).]
\scratchcounter=\count333
\scratchdimen=\dimen318
\scratchbox=\box78
\nofMPsegments=\count334
\nofMParguments=\count335
\everyMPshowfont=\toks50
\MPscratchCnt=\count336
\MPscratchDim=\dimen319
\MPnumerator=\count337
\makeMPintoPDFobject=\count338
\everyMPtoPDFconversion=\toks51
) (C:\MikTek\tex/latex/epstopdf-pkg\epstopdf-base.sty
Package: epstopdf-base 2020-01-24 v2.11 Base part for package epstopdf
Package epstopdf-base Info: Redefining graphics rule for `.eps' on input line 4
85.

(C:\MikTek\tex/latex/00miktex\epstopdf-sys.cfg
File: epstopdf-sys.cfg 2021/03/18 v2.0 Configuration of epstopdf for MiKTeX
))
Package hyperref Info: Link coloring OFF on input line 123.

(C:\MikTek\tex/latex/hyperref\nameref.sty
Package: nameref 2021-04-02 v2.47 Cross-referencing by name of section

(C:\MikTek\tex/latex/refcount\refcount.sty
Package: refcount 2019/12/15 v3.6 Data extraction from label references (HO)
)
(C:\MikTek\tex/generic/gettitlestring\gettitlestring.sty
Package: gettitlestring 2019/12/15 v1.6 Cleanup title references (HO)
)
\c@section@level=\count339
)
LaTeX Info: Redefining \ref on input line 123.
LaTeX Info: Redefining \pageref on input line 123.
LaTeX Info: Redefining \nameref on input line 123.
 (main.out) (main.out)
\@outlinefile=\write4
\openout4 = `main.out'.

\c@lstlisting=\count340

Package pgfplots notification 'compat/show suggested version=true': you might b
enefit from \pgfplotsset{compat=1.18} (current compat level: 1.17).


! LaTeX Error: No \title given.

See the LaTeX manual or LaTeX Companion for explanation.
Type  H <return>  for immediate help.
 ...                                              
                                                  
l.126 
      
Try typing  <return>  to proceed.
If that doesn't work, type  X <return>  to quit.

LaTeX Font Info:    Trying to load font information for OT1+ztmcm on input line
 126.
(C:\MikTek\tex/latex/psnfss\ot1ztmcm.fd
File: ot1ztmcm.fd 2000/01/03 Fontinst v1.801 font definitions for OT1/ztmcm.
)
LaTeX Font Info:    Trying to load font information for OML+ztmcm on input line
 126.

(C:\MikTek\tex/latex/psnfss\omlztmcm.fd
File: omlztmcm.fd 2000/01/03 Fontinst v1.801 font definitions for OML/ztmcm.
)
LaTeX Font Info:    Trying to load font information for OMS+ztmcm on input line
 126.

(C:\MikTek\tex/latex/psnfss\omsztmcm.fd
File: omsztmcm.fd 2000/01/03 Fontinst v1.801 font definitions for OMS/ztmcm.
)
LaTeX Font Info:    Trying to load font information for OMX+ztmcm on input line
 126.

(C:\MikTek\tex/latex/psnfss\omxztmcm.fd
File: omxztmcm.fd 2000/01/03 Fontinst v1.801 font definitions for OMX/ztmcm.
)
LaTeX Font Info:    Font shape `OT1/ptm/bx/n' in size <14.4> not available
(Font)              Font shape `OT1/ptm/b/n' tried instead on input line 126.
LaTeX Font Info:    Font shape `OT1/ptm/bx/n' in size <10.95> not available
(Font)              Font shape `OT1/ptm/b/n' tried instead on input line 126.
LaTeX Font Info:    Font shape `OT1/ptm/bx/n' in size <8> not available
(Font)              Font shape `OT1/ptm/b/n' tried instead on input line 126.


LaTeX Warning: No \author given.

[1

{C:/Users/Sayeed Ahmad/AppData/Local/MiKTeX/pdftex/config/pdftex.map}]
Chapter 1.
(Sections/Introduction.tex)
Chapter 2.
(Sections/Aim.tex)
Overfull \hbox (3.43996pt too wide) in paragraph at lines 1--147
\OT1/ptm/m/n/12 To \OT1/ptm/b/n/12 collect experimental raw data \OT1/ptm/m/n/1
2 relating to the variation in \OT1/ptm/b/n/12 radial displacement\OT1/ptm/m/n/
12 ,
 []

Chapter 3.
(Sections/Hypothesis.tex)
Chapter 4.
(Sections/Background Research.tex
! Missing number, treated as zero.
<to be read again> 
                   p
l.3 \section{{The Lagrangian function}}
                                       
A number should have been here; I inserted `0'.
(If you can't figure out why I needed to see a number,
look up `weird error' in the index to The TeXbook.)

pdfTeX warning (ext4): destination with the same identifier (name{page.1}) has 
been already used, duplicate ignored
<to be read again> 
                   \relax 
l.6 
     [1

]
LaTeX Font Info:    Font shape `OT1/ptm/bx/n' in size <12> not available
(Font)              Font shape `OT1/ptm/b/n' tried instead on input line 9.
LaTeX Font Info:    Font shape `OT1/ptm/bx/n' in size <9> not available
(Font)              Font shape `OT1/ptm/b/n' tried instead on input line 9.
LaTeX Font Info:    Font shape `OT1/ptm/bx/n' in size <7> not available
(Font)              Font shape `OT1/ptm/b/n' tried instead on input line 9.

Overfull \hbox (38.32442pt too wide) in paragraph at lines 13--14
[]\OT1/ptm/m/n/12 The Lagrange's equation of second kind or the Lagrange-Euler 
Equation is mathematically
 []

! Missing number, treated as zero.
<to be read again> 
                   p
l.19     \section{{Generalized coordinates}}
                                            
A number should have been here; I inserted `0'.
(If you can't figure out why I needed to see a number,
look up `weird error' in the index to The TeXbook.)


Overfull \hbox (3.8246pt too wide) in paragraph at lines 21--22
\OT1/ptm/m/n/12 According to our specific system that we are investigating, we 
have two generalized
 []


Overfull \hbox (1.51982pt too wide) in paragraph at lines 25--26
[]\OT1/ptm/m/n/12 x represents the \OT1/ptm/b/n/12 extension in the spring comp
onent from the equilibrium length
 []

! Missing number, treated as zero.
<to be read again> 
                   p
l.27     \section{{Generalized forces}}
                                       
A number should have been here; I inserted `0'.
(If you can't figure out why I needed to see a number,
look up `weird error' in the index to The TeXbook.)

! Missing number, treated as zero.
<to be read again> 
                   p
l.35 \section{{Air Drag/Fluid Resistance}}
                                          
A number should have been here; I inserted `0'.
(If you can't figure out why I needed to see a number,
look up `weird error' in the index to The TeXbook.)

[2]
! Missing number, treated as zero.
<to be read again> 
                   p
l.53 \section{{Rayleigh dissipation function}}
                                              
A number should have been here; I inserted `0'.
(If you can't figure out why I needed to see a number,
look up `weird error' in the index to The TeXbook.)


Overfull \hbox (24.2601pt too wide) in paragraph at lines 61--62
\OT1/ptm/m/n/12 handle and model the effects of \OT1/ptm/b/n/12 velocity-propor
tional frictional forces in Lagrangian
 []

[3]
! Missing $ inserted.
<inserted text> 
                $
l.66         \begin{bmatrix}
                            
I've inserted a begin-math/end-math symbol since I think
you left one out. Proceed, with fingers crossed.

! Missing $ inserted.
<inserted text> 
                $
l.72 		\end{bmatrix}
                    
I've inserted something that you may have forgotten.
(See the <inserted text> above.)
With luck, this will get me unwedged. But if you
really didn't forget anything, try typing `2' now; then
my insertion and my current dilemma will both disappear.

! Missing number, treated as zero.
<to be read again> 
                   p
l.74 \section{{Stokes Law}}
                           \label{slaw}
A number should have been here; I inserted `0'.
(If you can't figure out why I needed to see a number,
look up `weird error' in the index to The TeXbook.)


Overfull \hbox (34.63934pt too wide) in paragraph at lines 78--79
\OT1/ptm/b/n/12 spherical objects \OT1/ptm/m/n/12 with very \OT1/ptm/b/n/12 sma
ll Reynolds numbers \OT1/ptm/m/n/12 in a viscous fluid. Mathematically, 
 []

! Missing number, treated as zero.
<to be read again> 
                   p
l.86 \section{{Logarithmic Decrement}}
                                      
A number should have been here; I inserted `0'.
(If you can't figure out why I needed to see a number,
look up `weird error' in the index to The TeXbook.)


Overfull \hbox (1.97556pt too wide) in paragraph at lines 88--89
\OT1/ptm/m/n/12 The system exhibits an interesting feature, that of constant lo
garithmic decrements,
 []

[4]
Overfull \hbox (1.38911pt too wide) in paragraph at lines 104--105
[]\OT1/ptm/m/n/12 With the above findings and definitions, we can create an exp
ression for percentage
 []

! Missing number, treated as zero.
<to be read again> 
                   p
l.114 \section{{Computer Simulation Software}}
                                              
A number should have been here; I inserted `0'.
(If you can't figure out why I needed to see a number,
look up `weird error' in the index to The TeXbook.)

)
Chapter 5.
(Sections/Materials Required.tex
LaTeX Font Info:    Trying to load font information for TS1+ptm on input line 2
.
 (C:\MikTek\tex/latex/psnfss\ts1ptm.fd
File: ts1ptm.fd 2001/06/04 font definitions for TS1/ptm.
)
[5])
Chapter 6.
(Sections/Variables.tex)
Chapter 7.
(Sections/Procedure.tex
\openout3 = `main.auxlock'.


===== 'mode=convert with system call': Invoking 'pdflatex -halt-on-error -inter
action=batchmode -jobname "main-figure0" "\def\tikzexternalrealjob{main}\input{
main}"' ========
runsystem(pdflatex -halt-on-error -interaction=batchmode -jobname "main-figure0
" "\def\tikzexternalrealjob{main}\input{main}")...disabled (restricted).

\openout3 = `main.auxlock'.


! Package tikz Error: Sorry, the system call 'pdflatex -halt-on-error -interact
ion=batchmode -jobname "main-figure0" "\def\tikzexternalrealjob{main}\input{mai
n}"' did NOT result in a usable output file 'main-figure0' (expected one of .pd
f:.jpg:.jpeg:.png:). Please verify that you have enabled system calls. For pdfl
atex, this is 'pdflatex -shell-escape'. Sometimes it is also named 'write 18' o
r something like that. Or maybe the command simply failed? Error messages can b
e found in 'main-figure0.log'. If you continue now, I'll try to typeset the pic
ture.

See the tikz package documentation for explanation.
Type  H <return>  for immediate help.
 ...                                              
                                                  
l.46     \end{tikzpicture}
                          
This error message was generated by an \errmessage
command, so I can't give any explicit help.
Pretend that you're Hercule Poirot: Examine all clues,
and deduce the truth by order and method.

Missing character: There is no n in font nullfont!
Missing character: There is no o in font nullfont!
Missing character: There is no d in font nullfont!
Missing character: There is no e in font nullfont!
Missing character: There is no [ in font nullfont!
Missing character: There is no m in font nullfont!
Missing character: There is no i in font nullfont!
Missing character: There is no d in font nullfont!
Missing character: There is no w in font nullfont!
Missing character: There is no a in font nullfont!
Missing character: There is no y in font nullfont!
Missing character: There is no , in font nullfont!
Missing character: There is no r in font nullfont!
Missing character: There is no i in font nullfont!
Missing character: There is no g in font nullfont!
Missing character: There is no h in font nullfont!
Missing character: There is no t in font nullfont!
Missing character: There is no = in font nullfont!
Missing character: There is no 0 in font nullfont!
Missing character: There is no . in font nullfont!
Missing character: There is no 2 in font nullfont!
Missing character: There is no 5 in font nullfont!
Missing character: There is no c in font nullfont!
Missing character: There is no m in font nullfont!
Missing character: There is no , in font nullfont!
Missing character: There is no b in font nullfont!
Missing character: There is no l in font nullfont!
Missing character: There is no a in font nullfont!
Missing character: There is no c in font nullfont!
Missing character: There is no k in font nullfont!
Missing character: There is no ] in font nullfont!
Missing character: There is no ; in font nullfont!
[6])
Chapter 8.
(Sections/Initial Conditions.tex)
Chapter 9.
(Sections/Equation.tex
! Missing number, treated as zero.
<to be read again> 
                   p
l.2 \section{{Equations of Motion}}
                                   
A number should have been here; I inserted `0'.
(If you can't figure out why I needed to see a number,
look up `weird error' in the index to The TeXbook.)

[7]
Overfull \hbox (9.21233pt too wide) in paragraph at lines 28--29
[]\OT1/ptm/m/n/12 These equations will be directly inputted into the python sou
rce code from \OT1/ptm/b/n/12 appendix
 []

[8]
! Missing number, treated as zero.
<to be read again> 
                   p
l.32 \section{{Drag Equation}}
                              
A number should have been here; I inserted `0'.
(If you can't figure out why I needed to see a number,
look up `weird error' in the index to The TeXbook.)

! Missing number, treated as zero.
<to be read again> 
                   p
l.46 \section{{Stokes Law Equation}}
                                    
A number should have been here; I inserted `0'.
(If you can't figure out why I needed to see a number,
look up `weird error' in the index to The TeXbook.)

[9]
! Missing number, treated as zero.
<to be read again> 
                   p
l.68 \section{{Frequency Equations}}
                                    
A number should have been here; I inserted `0'.
(If you can't figure out why I needed to see a number,
look up `weird error' in the index to The TeXbook.)

! Missing number, treated as zero.
<to be read again> 
                   p
l.72     \subsection{{Radial frequency}}
                                        
A number should have been here; I inserted `0'.
(If you can't figure out why I needed to see a number,
look up `weird error' in the index to The TeXbook.)


Overfull \hbox (18.4882pt too wide) in paragraph at lines 78--79
[]\OT1/ptm/m/n/12 With observation, it can be inferred that, radial frequency r
emains constant whatsoever
 []

! Missing number, treated as zero.
<to be read again> 
                   p
l.80     \subsection{{Angular frequency}}
                                         
A number should have been here; I inserted `0'.
(If you can't figure out why I needed to see a number,
look up `weird error' in the index to The TeXbook.)


Overfull \hbox (4.74887pt too wide) in paragraph at lines 82--83
\OT1/ptm/m/n/12 Angular frequency is defined as the number of oscillations of t
he angular movement
 []

! Missing number, treated as zero.
<to be read again> 
                   p
l.88     \subsection{{Absolute frequency}}
                                          
A number should have been here; I inserted `0'.
(If you can't figure out why I needed to see a number,
look up `weird error' in the index to The TeXbook.)

[10]
! Missing number, treated as zero.
<to be read again> 
                   p
l.100 \section{{Fundamental Derived Equations}}
                                               
A number should have been here; I inserted `0'.
(If you can't figure out why I needed to see a number,
look up `weird error' in the index to The TeXbook.)

[11])
Chapter 10.
(Sections/Experimental Data Mod 2.tex
! Missing number, treated as zero.
<to be read again> 
                   p
l.1 \section{{Radial Displacement versus Time}}
                                               
A number should have been here; I inserted `0'.
(If you can't figure out why I needed to see a number,
look up `weird error' in the index to The TeXbook.)


Overfull \hbox (26.38391pt too wide) in paragraph at lines 5--35
 [][] 
 []


Overfull \hbox (15.1994pt too wide) in paragraph at lines 37--38
\OT1/ptm/b/n/12 Note\OT1/ptm/m/n/12 : Mass is in \OT1/ptm/b/n/12 kilograms\OT1/
ptm/m/n/12 , Time is in \OT1/ptm/b/n/12 seconds\OT1/ptm/m/n/12 , and the values
 of radial displacement
 []

! Missing number, treated as zero.
<to be read again> 
                   p
l.39 \section{{Angular Displacement versus Time}}
                                                 
A number should have been here; I inserted `0'.
(If you can't figure out why I needed to see a number,
look up `weird error' in the index to The TeXbook.)


Overfull \hbox (59.93573pt too wide) in paragraph at lines 43--73
 [][] 
 []

[12]
Overfull \hbox (23.86353pt too wide) in paragraph at lines 75--76
\OT1/ptm/b/n/12 Note\OT1/ptm/m/n/12 : Mass is in \OT1/ptm/b/n/12 kilograms\OT1/
ptm/m/n/12 , Time is in \OT1/ptm/b/n/12 seconds\OT1/ptm/m/n/12 , and the values
 of angular displacement
 []

! Missing number, treated as zero.
<to be read again> 
                   p
l.77 \section{{Angular Frequency versus Time}}
                                              
A number should have been here; I inserted `0'.
(If you can't figure out why I needed to see a number,
look up `weird error' in the index to The TeXbook.)


Overfull \hbox (25.40009pt too wide) in paragraph at lines 81--111
 [][] 
 []


Overfull \hbox (8.33624pt too wide) in paragraph at lines 113--114
\OT1/ptm/b/n/12 Note\OT1/ptm/m/n/12 : Mass is in \OT1/ptm/b/n/12 kilograms\OT1/
ptm/m/n/12 , Time is in \OT1/ptm/b/n/12 seconds\OT1/ptm/m/n/12 , and the values
 of angular frequency
 []

[13]
! Missing number, treated as zero.
<to be read again> 
                   p
l.115 \section{{Absolute Frequency versus Time}}
                                                
A number should have been here; I inserted `0'.
(If you can't figure out why I needed to see a number,
look up `weird error' in the index to The TeXbook.)


Overfull \hbox (85.40009pt too wide) in paragraph at lines 119--149
 [][] 
 []

)
Chapter 11.
(Sections/Simulation Data.tex
! Missing number, treated as zero.
<to be read again> 
                   p
l.1 \section{{Radial Displacement versus Time}}
                                               
A number should have been here; I inserted `0'.
(If you can't figure out why I needed to see a number,
look up `weird error' in the index to The TeXbook.)


Overfull \hbox (64.38795pt too wide) in paragraph at lines 5--35
 [][] 
 []

[14]
Overfull \hbox (15.1994pt too wide) in paragraph at lines 37--38
\OT1/ptm/b/n/12 Note\OT1/ptm/m/n/12 : Mass is in \OT1/ptm/b/n/12 kilograms\OT1/
ptm/m/n/12 , Time is in \OT1/ptm/b/n/12 seconds\OT1/ptm/m/n/12 , and the values
 of radial displacement
 []

! Missing number, treated as zero.
<to be read again> 
                   p
l.39 \section{{Angular Displacement versus Time}}
                                                 
A number should have been here; I inserted `0'.
(If you can't figure out why I needed to see a number,
look up `weird error' in the index to The TeXbook.)


Overfull \hbox (97.92764pt too wide) in paragraph at lines 43--73
 [][] 
 []

[15]
Overfull \hbox (23.86353pt too wide) in paragraph at lines 75--76
\OT1/ptm/b/n/12 Note\OT1/ptm/m/n/12 : Mass is in \OT1/ptm/b/n/12 kilograms\OT1/
ptm/m/n/12 , Time is in \OT1/ptm/b/n/12 seconds\OT1/ptm/m/n/12 , and the values
 of angular displacement
 []

! Missing number, treated as zero.
<to be read again> 
                   p
l.77 \section{{Angular Frequency versus Time}}
                                              
A number should have been here; I inserted `0'.
(If you can't figure out why I needed to see a number,
look up `weird error' in the index to The TeXbook.)


Overfull \hbox (79.40009pt too wide) in paragraph at lines 81--111
 [][] 
 []


Overfull \hbox (8.33624pt too wide) in paragraph at lines 113--114
\OT1/ptm/b/n/12 Note\OT1/ptm/m/n/12 : Mass is in \OT1/ptm/b/n/12 kilograms\OT1/
ptm/m/n/12 , Time is in \OT1/ptm/b/n/12 seconds\OT1/ptm/m/n/12 , and the values
 of angular frequency
 []

[16]
! Missing number, treated as zero.
<to be read again> 
                   p
l.115 \section{{Absolute Frequency versus Time}}
                                                
A number should have been here; I inserted `0'.
(If you can't figure out why I needed to see a number,
look up `weird error' in the index to The TeXbook.)


Overfull \hbox (79.40009pt too wide) in paragraph at lines 119--149
 [][] 
 []

)
Chapter 12.
(Sections/Derived Data.tex)
Chapter 13.
(Sections/Observations.tex
Overfull \hbox (9.14006pt too wide) in paragraph at lines 1--2
\OT1/ptm/b/n/12 displacement\OT1/ptm/m/n/12 , \OT1/ptm/b/n/12 angular displacem
ent\OT1/ptm/m/n/12 , \OT1/ptm/b/n/12 angular frequency \OT1/ptm/m/n/12 and \OT1
/ptm/b/n/12 absolute frequency
 []

[17]
Overfull \hbox (7.38054pt too wide) in paragraph at lines 3--4
\OT1/ztmcm/m/n/12 0$ \OT1/ptm/m/n/12 to $\OML/ztmcm/m/it/12 t \OT1/ztmcm/m/n/12
 = 20$ \OT1/ptm/m/n/12 seconds divided by the number of observations, for \OT1/
ptm/b/n/12 radial displacement\OT1/ptm/m/n/12 ,
 []


Overfull \hbox (4.5083pt too wide) in paragraph at lines 7--8
\OML/ztmcm/m/it/12  []$ \OT1/ptm/m/n/12 are the \OT1/ptm/b/n/12 percentage accu
racy \OT1/ptm/m/n/12 of the experimental values of radial displacement,
 []

! Missing number, treated as zero.
<to be read again> 
                   p
l.11 ...{{Observation from Case 1 where m = 1 kg}}
                                                  
A number should have been here; I inserted `0'.
(If you can't figure out why I needed to see a number,
look up `weird error' in the index to The TeXbook.)

! Missing number, treated as zero.
<to be read again> 
                   p
l.33 ...{{Observation from Case 2 where m = 2 kg}}
                                                  
A number should have been here; I inserted `0'.
(If you can't figure out why I needed to see a number,
look up `weird error' in the index to The TeXbook.)

[18]
! Missing number, treated as zero.
<to be read again> 
                   p
l.55 ...{{Observation from Case 3 where m = 3 kg}}
                                                  
A number should have been here; I inserted `0'.
(If you can't figure out why I needed to see a number,
look up `weird error' in the index to The TeXbook.)

! Missing number, treated as zero.
<to be read again> 
                   p
l.77 ...{{Observation from Case 4 where m = 4 kg}}
                                                  
A number should have been here; I inserted `0'.
(If you can't figure out why I needed to see a number,
look up `weird error' in the index to The TeXbook.)

! Missing number, treated as zero.
<to be read again> 
                   p
l.99 ...{{Observation from Case 5 where m = 5 kg}}
                                                  
A number should have been here; I inserted `0'.
(If you can't figure out why I needed to see a number,
look up `weird error' in the index to The TeXbook.)

[19]
! Missing number, treated as zero.
<to be read again> 
                   p
l.121 ...{Observation from Case 6 where m = 6 kg}}
                                                  
A number should have been here; I inserted `0'.
(If you can't figure out why I needed to see a number,
look up `weird error' in the index to The TeXbook.)

! Missing number, treated as zero.
<to be read again> 
                   p
l.143 ...{Observation from Case 7 where m = 7 kg}}
                                                  
A number should have been here; I inserted `0'.
(If you can't figure out why I needed to see a number,
look up `weird error' in the index to The TeXbook.)

[20]
! Missing number, treated as zero.
<to be read again> 
                   p
l.165 ...{Observation from Case 8 where m = 8 kg}}
                                                  
A number should have been here; I inserted `0'.
(If you can't figure out why I needed to see a number,
look up `weird error' in the index to The TeXbook.)

! Missing number, treated as zero.
<to be read again> 
                   p
l.187 ...{Observation from Case 9 where m = 9 kg}}
                                                  
A number should have been here; I inserted `0'.
(If you can't figure out why I needed to see a number,
look up `weird error' in the index to The TeXbook.)

! Missing number, treated as zero.
<to be read again> 
                   p
l.209 ...bservation from Case 10 where m = 10 kg}}
                                                  
A number should have been here; I inserted `0'.
(If you can't figure out why I needed to see a number,
look up `weird error' in the index to The TeXbook.)

[21])
Chapter 14.
(Sections/Observations from Derived Data.tex
Overfull \hbox (16.952pt too wide) in paragraph at lines 1--2
\OT1/ptm/m/n/12 Upon close observation of the \OT1/ptm/b/n/12 drag versus time 
\OT1/ptm/m/n/12 it is evident that, the drag periodically
 []


Overfull \hbox (1.97556pt too wide) in paragraph at lines 5--6
[]\OT1/ptm/m/n/12 The system exhibits an interesting feature, that of constant 
logarithmic decrements,
 []

)
Chapter 15.
(Sections/Graphical Analysis.tex
! Missing number, treated as zero.
<to be read again> 
                   p
l.1 \section{{Graphical Analysis}}
                                  
A number should have been here; I inserted `0'.
(If you can't figure out why I needed to see a number,
look up `weird error' in the index to The TeXbook.)

! Missing number, treated as zero.
<to be read again> 
                   p
l.3 ...on to the Experimental values versus time}}
                                                  
A number should have been here; I inserted `0'.
(If you can't figure out why I needed to see a number,
look up `weird error' in the index to The TeXbook.)

(Sections/./ExpGraph.tex
<ExpPictures/m1.png, id=440, 462.528pt x 346.896pt>
File: ExpPictures/m1.png Graphic file (type png)
<use ExpPictures/m1.png>
Package pdftex.def Info: ExpPictures/m1.png  used on input line 3.
(pdftex.def)             Requested size: 426.79134pt x 320.11154pt.

Overfull \hbox (36.79134pt too wide) in paragraph at lines 3--4
 [][] 
 []

[22]
<ExpPictures/m2.png, id=446, 462.528pt x 346.896pt>
File: ExpPictures/m2.png Graphic file (type png)
<use ExpPictures/m2.png>
Package pdftex.def Info: ExpPictures/m2.png  used on input line 10.
(pdftex.def)             Requested size: 426.79134pt x 320.11154pt.

Overfull \hbox (36.79134pt too wide) in paragraph at lines 10--11
 [][] 
 []

[23 <./ExpPictures/m1.png>]
<ExpPictures/m3.png, id=453, 462.528pt x 346.896pt>
File: ExpPictures/m3.png Graphic file (type png)
<use ExpPictures/m3.png>
Package pdftex.def Info: ExpPictures/m3.png  used on input line 17.
(pdftex.def)             Requested size: 426.79134pt x 320.11154pt.

Overfull \hbox (36.79134pt too wide) in paragraph at lines 17--18
 [][] 
 []

[24 <./ExpPictures/m2.png>]
<ExpPictures/m4.png, id=461, 462.528pt x 346.896pt>
File: ExpPictures/m4.png Graphic file (type png)
<use ExpPictures/m4.png>
Package pdftex.def Info: ExpPictures/m4.png  used on input line 24.
(pdftex.def)             Requested size: 426.79134pt x 320.11154pt.

Overfull \hbox (36.79134pt too wide) in paragraph at lines 24--25
 [][] 
 []

[25 <./ExpPictures/m3.png>]
<ExpPictures/m5.png, id=468, 462.528pt x 346.896pt>
File: ExpPictures/m5.png Graphic file (type png)
<use ExpPictures/m5.png>
Package pdftex.def Info: ExpPictures/m5.png  used on input line 31.
(pdftex.def)             Requested size: 426.79134pt x 320.11154pt.

Overfull \hbox (36.79134pt too wide) in paragraph at lines 31--32
 [][] 
 []

[26 <./ExpPictures/m4.png>]
<ExpPictures/m6.png, id=475, 462.528pt x 346.896pt>
File: ExpPictures/m6.png Graphic file (type png)
<use ExpPictures/m6.png>
Package pdftex.def Info: ExpPictures/m6.png  used on input line 38.
(pdftex.def)             Requested size: 426.79134pt x 320.11154pt.

Overfull \hbox (36.79134pt too wide) in paragraph at lines 38--39
 [][] 
 []

[27 <./ExpPictures/m5.png>]
<ExpPictures/m7.png, id=482, 462.528pt x 346.896pt>
File: ExpPictures/m7.png Graphic file (type png)
<use ExpPictures/m7.png>
Package pdftex.def Info: ExpPictures/m7.png  used on input line 45.
(pdftex.def)             Requested size: 426.79134pt x 320.11154pt.

Overfull \hbox (36.79134pt too wide) in paragraph at lines 45--46
 [][] 
 []

[28 <./ExpPictures/m6.png>]
<ExpPictures/m8.png, id=489, 462.528pt x 346.896pt>
File: ExpPictures/m8.png Graphic file (type png)
<use ExpPictures/m8.png>
Package pdftex.def Info: ExpPictures/m8.png  used on input line 52.
(pdftex.def)             Requested size: 426.79134pt x 320.11154pt.

Overfull \hbox (36.79134pt too wide) in paragraph at lines 52--53
 [][] 
 []

[29 <./ExpPictures/m7.png>]
<ExpPictures/m9.png, id=496, 462.528pt x 346.896pt>
File: ExpPictures/m9.png Graphic file (type png)
<use ExpPictures/m9.png>
Package pdftex.def Info: ExpPictures/m9.png  used on input line 59.
(pdftex.def)             Requested size: 426.79134pt x 320.11154pt.

Overfull \hbox (36.79134pt too wide) in paragraph at lines 59--60
 [][] 
 []

[30 <./ExpPictures/m8.png>]
<ExpPictures/m10.png, id=504, 462.528pt x 346.896pt>
File: ExpPictures/m10.png Graphic file (type png)
<use ExpPictures/m10.png>
Package pdftex.def Info: ExpPictures/m10.png  used on input line 66.
(pdftex.def)             Requested size: 426.79134pt x 320.11154pt.

Overfull \hbox (36.79134pt too wide) in paragraph at lines 66--67
 [][] 
 []

[31 <./ExpPictures/m9.png>])
! Missing number, treated as zero.
<to be read again> 
                   p
l.7 ...tion to the Simulation values versus time}}
                                                  
A number should have been here; I inserted `0'.
(If you can't figure out why I needed to see a number,
look up `weird error' in the index to The TeXbook.)

(Sections/./SimGraph.tex
<SimPictures/m1.png, id=511, 493.6041pt x 478.4274pt>
File: SimPictures/m1.png Graphic file (type png)
<use SimPictures/m1.png>
Package pdftex.def Info: SimPictures/m1.png  used on input line 3.
(pdftex.def)             Requested size: 426.79134pt x 413.6734pt.

Overfull \hbox (36.79134pt too wide) in paragraph at lines 3--4
 [][] 
 []

[32 <./ExpPictures/m10.png>]
<SimPictures/m2.png, id=518, 462.528pt x 346.896pt>
File: SimPictures/m2.png Graphic file (type png)
<use SimPictures/m2.png>
Package pdftex.def Info: SimPictures/m2.png  used on input line 10.
(pdftex.def)             Requested size: 426.79134pt x 320.11154pt.

Overfull \hbox (36.79134pt too wide) in paragraph at lines 10--11
 [][] 
 []

[33 <./SimPictures/m1.png>]
<SimPictures/m3.png, id=525, 493.6041pt x 478.4274pt>
File: SimPictures/m3.png Graphic file (type png)
<use SimPictures/m3.png>
Package pdftex.def Info: SimPictures/m3.png  used on input line 17.
(pdftex.def)             Requested size: 426.79134pt x 413.6734pt.

Overfull \hbox (36.79134pt too wide) in paragraph at lines 17--18
 [][] 
 []

[34 <./SimPictures/m2.png>]
<SimPictures/m4.png, id=532, 493.6041pt x 478.4274pt>
File: SimPictures/m4.png Graphic file (type png)
<use SimPictures/m4.png>
Package pdftex.def Info: SimPictures/m4.png  used on input line 24.
(pdftex.def)             Requested size: 426.79134pt x 413.6734pt.

Overfull \hbox (36.79134pt too wide) in paragraph at lines 24--25
 [][] 
 []

[35 <./SimPictures/m3.png>]
<SimPictures/m5.png, id=539, 462.528pt x 346.896pt>
File: SimPictures/m5.png Graphic file (type png)
<use SimPictures/m5.png>
Package pdftex.def Info: SimPictures/m5.png  used on input line 31.
(pdftex.def)             Requested size: 426.79134pt x 320.11154pt.

Overfull \hbox (36.79134pt too wide) in paragraph at lines 31--32
 [][] 
 []

[36 <./SimPictures/m4.png>]
<SimPictures/m6.png, id=547, 462.528pt x 346.896pt>
File: SimPictures/m6.png Graphic file (type png)
<use SimPictures/m6.png>
Package pdftex.def Info: SimPictures/m6.png  used on input line 38.
(pdftex.def)             Requested size: 426.79134pt x 320.11154pt.

Overfull \hbox (36.79134pt too wide) in paragraph at lines 38--39
 [][] 
 []

[37 <./SimPictures/m5.png>]
<SimPictures/m7.png, id=554, 462.528pt x 346.896pt>
File: SimPictures/m7.png Graphic file (type png)
<use SimPictures/m7.png>
Package pdftex.def Info: SimPictures/m7.png  used on input line 45.
(pdftex.def)             Requested size: 426.79134pt x 320.11154pt.

Overfull \hbox (36.79134pt too wide) in paragraph at lines 45--46
 [][] 
 []

[38 <./SimPictures/m6.png>]
<SimPictures/m8.png, id=561, 462.528pt x 346.896pt>
File: SimPictures/m8.png Graphic file (type png)
<use SimPictures/m8.png>
Package pdftex.def Info: SimPictures/m8.png  used on input line 52.
(pdftex.def)             Requested size: 426.79134pt x 320.11154pt.

Overfull \hbox (36.79134pt too wide) in paragraph at lines 52--53
 [][] 
 []

[39 <./SimPictures/m7.png>]
<SimPictures/m9.png, id=568, 462.528pt x 346.896pt>
File: SimPictures/m9.png Graphic file (type png)
<use SimPictures/m9.png>
Package pdftex.def Info: SimPictures/m9.png  used on input line 59.
(pdftex.def)             Requested size: 426.79134pt x 320.11154pt.

Overfull \hbox (36.79134pt too wide) in paragraph at lines 59--60
 [][] 
 []

[40 <./SimPictures/m8.png>]
<SimPictures/m10.png, id=575, 462.528pt x 346.896pt>
File: SimPictures/m10.png Graphic file (type png)
<use SimPictures/m10.png>
Package pdftex.def Info: SimPictures/m10.png  used on input line 66.
(pdftex.def)             Requested size: 426.79134pt x 320.11154pt.

Overfull \hbox (36.79134pt too wide) in paragraph at lines 66--67
 [][] 
 []

[41 <./SimPictures/m9.png>])
Overfull \hbox (2.01216pt too wide) in paragraph at lines 16--17
[]\OT1/ptm/m/n/12 This \OT1/ptm/b/n/12 contradicts \OT1/ptm/m/n/12 the \OT1/ptm
/b/n/12 initial hypothesis \OT1/ptm/m/n/12 laid out prior to beginning the inve
stigation
 []


Overfull \hbox (6.43979pt too wide) in paragraph at lines 18--19
\OT1/ptm/m/n/12 employed in this investigation also increases, while the \OT1/p
tm/b/n/12 frequency \OT1/ptm/m/n/12 of the parameters
 []

[42 <./SimPictures/m10.png>]) (Sections/Numerical Analysis.tex
! Missing number, treated as zero.
<to be read again> 
                   p
l.1 \section{{Numerical Analysis}}
                                  
A number should have been here; I inserted `0'.
(If you can't figure out why I needed to see a number,
look up `weird error' in the index to The TeXbook.)

! Missing number, treated as zero.
<to be read again> 
                   p
l.3 ...bsection{{Radial Displacement versus Time}}
                                                  
A number should have been here; I inserted `0'.
(If you can't figure out why I needed to see a number,
look up `weird error' in the index to The TeXbook.)


Overfull \hbox (1.71312pt too wide) in paragraph at lines 7--8
[]\OT1/ptm/m/n/12 Due to viscous underdamped motion, it gains energy and moment
um and preserves
 []

! Missing number, treated as zero.
<to be read again> 
                   p
l.9 ...section{{Angular Displacement versus Time}}
                                                  
A number should have been here; I inserted `0'.
(If you can't figure out why I needed to see a number,
look up `weird error' in the index to The TeXbook.)


Overfull \hbox (7.0996pt too wide) in paragraph at lines 11--12
\OT1/ptm/m/n/12 We initially defined and conditionalized the initial value of t
he angular displacement
 []


Overfull \hbox (1.71312pt too wide) in paragraph at lines 13--14
[]\OT1/ptm/m/n/12 Due to viscous underdamped motion, it gains energy and moment
um and preserves
 []

! Missing number, treated as zero.
<to be read again> 
                   p
l.16 ...ubsection{{Angular Frequency versus Time}}
                                                  
A number should have been here; I inserted `0'.
(If you can't figure out why I needed to see a number,
look up `weird error' in the index to The TeXbook.)

! Missing number, treated as zero.
<to be read again> 
                   p
l.33 ...bsection{{Absolute Frequency versus Time}}
                                                  
A number should have been here; I inserted `0'.
(If you can't figure out why I needed to see a number,
look up `weird error' in the index to The TeXbook.)

[43])
Chapter 16.
(Sections/Evaluation.tex
Overfull \hbox (1.11163pt too wide) detected at line 7
\OML/ztmcm/m/it/12 [] \OT1/ztmcm/m/n/12 = [] = [] = []
 []


Overfull \hbox (18.58356pt too wide) detected at line 9
\OML/ztmcm/m/it/12  [] \OT1/ztmcm/m/n/12 = [] = [] = []
 []

[44])
Chapter 17.
(Sections/Limitations of Study.tex
Overfull \hbox (24.54683pt too wide) in paragraph at lines 1--2
\OT1/ptm/m/n/12 certain strict initial conditions and other conditions that mak
e this system so constrained
 []

)
Chapter 18.
(Sections/Safety Measures.tex [45])
Chapter 19.
(Sections/Sources of Error.tex)
Chapter 20.
(Sections/Conclusion.tex
Overfull \hbox (9.14006pt too wide) in paragraph at lines 1--2
\OT1/ptm/b/n/12 displacement\OT1/ptm/m/n/12 , \OT1/ptm/b/n/12 angular displacem
ent\OT1/ptm/m/n/12 , \OT1/ptm/b/n/12 angular frequency \OT1/ptm/m/n/12 and \OT1
/ptm/b/n/12 absolute frequency
 []


Overfull \hbox (39.37898pt too wide) in paragraph at lines 5--6
[]\OT1/ptm/m/n/12 I have also shown the possible \OT1/ptm/b/n/12 uncertainties 
in measurement \OT1/ptm/m/n/12 of the \OT1/ptm/b/n/12 radial displacement\OT1/p
tm/m/n/12 ,
 []

) [46] [47] (main.aux)

LaTeX Warning: There were multiply-defined labels.


Package rerunfilecheck Warning: File `main.out' has changed.
(rerunfilecheck)                Rerun to get outlines right
(rerunfilecheck)                or use package `bookmark'.

Package rerunfilecheck Info: Checksums for `main.out':
(rerunfilecheck)             Before: D2D0D2C1A12422F33B91A4518FF7987E;14041
(rerunfilecheck)             After:  11DD3152D2AEE80BDEF0E276F5583D0D;11296.
 ) 
Here is how much of TeX's memory you used:
 37377 strings out of 478868
 822714 string characters out of 2865271
 1336641 words of memory out of 3000000
 54331 multiletter control sequences out of 15000+600000
 450212 words of font info for 133 fonts, out of 8000000 for 9000
 1141 hyphenation exceptions out of 8191
 84i,16n,89p,1195b,926s stack positions out of 5000i,500n,10000p,200000b,80000s
pdfTeX warning (dest): name{appendix.D} has been referenced but does not exis
t, replaced by a fixed one

pdfTeX warning (dest): name{section.C.4} has been referenced but does not exist
, replaced by a fixed one

pdfTeX warning (dest): name{section.C.3} has been referenced but does not exist
, replaced by a fixed one

pdfTeX warning (dest): name{section.C.2} has been referenced but does not exist
, replaced by a fixed one

pdfTeX warning (dest): name{section.C.1} has been referenced but does not exist
, replaced by a fixed one

pdfTeX warning (dest): name{appendix.C} has been referenced but does not exist,
 replaced by a fixed one

pdfTeX warning (dest): name{section.B.4} has been referenced but does not exist
, replaced by a fixed one

pdfTeX warning (dest): name{section.B.3} has been referenced but does not exist
, replaced by a fixed one

pdfTeX warning (dest): name{section.B.2} has been referenced but does not exist
, replaced by a fixed one

pdfTeX warning (dest): name{section.B.1} has been referenced but does not exist
, replaced by a fixed one

pdfTeX warning (dest): name{appendix.B} has been referenced but does not exist,
 replaced by a fixed one

pdfTeX warning (dest): name{section.A.2} has been referenced but does not exist
, replaced by a fixed one

pdfTeX warning (dest): name{section.A.1} has been referenced but does not exist
, replaced by a fixed one

pdfTeX warning (dest): name{appendix.A} has been referenced but does not exist,
 replaced by a fixed one

{C:/MikTek/fonts/enc/dvips/base/8r.enc}<C:/MikTek/fonts/type1/public/amsfonts/c
m/cmex10.pfb><C:/MikTek/fonts/type1/public/amsfonts/cm/cmmi10.pfb><C:/MikTek/fo
nts/type1/public/amsfonts/cm/cmr10.pfb><C:/MikTek/fonts/type1/public/amsfonts/c
m/cmsy10.pfb><C:/MikTek/fonts/type1/public/amsfonts/symbols/msbm10.pfb><C:/MikT
ek/fonts/type1/urw/symbol/usyr.pfb><C:/MikTek/fonts/type1/urw/symbol/usyr.pfb><
C:/MikTek/fonts/type1/urw/times/utmb8a.pfb><C:/MikTek/fonts/type1/urw/times/utm
r8a.pfb><C:/MikTek/fonts/type1/urw/times/utmri8a.pfb>
Output written on main.pdf (48 pages, 1907496 bytes).
PDF statistics:
 696 PDF objects out of 1000 (max. 8388607)
 166 named destinations out of 1000 (max. 500000)
 733 words of extra memory for PDF output out of 10000 (max. 10000000)

